Log file open, 04/21/18 13:13:22
LogWindows: Failed to load 'aqProf.dll' (GetLastError=126)
LogWindows: File 'aqProf.dll' does not exist
LogWindows: Failed to load 'VSPerf140.dll' (GetLastError=126)
LogWindows: File 'VSPerf140.dll' does not exist
LogWindows: Failed to load 'VtuneApi.dll' (GetLastError=126)
LogWindows: File 'VtuneApi.dll' does not exist
LogWindows: Failed to load 'VtuneApi32e.dll' (GetLastError=126)
LogWindows: File 'VtuneApi32e.dll' does not exist
LogInit: Display: Running engine for game: Cogworks
LogPlatformFile: Not using cached read wrapper
LogInit: Display: RandInit(1112775218) SRandInit(1112775218).
LogInit: Read version file with build ID '3709383'
LogInit: Overriding engine version to CL 3832480, compatible CL 3709383
LogInit: Registered custom module enumerator with build ID '3709383'
LogTaskGraph: Started task graph with 5 named threads and 14 total threads with 3 sets of task threads.
LogStats: Stats thread started at 1.222399
LogD3D11RHI: Aftermath initialized
LogModuleManager: Display: Found up-to-date module file ../../../Engine/Plugins/2D/Paper2D/Binaries/Win64/UE4Editor-Paper2D.dll (API version 3709383).
LogModuleManager: Display: Found up-to-date module file ../../../Engine/Plugins/2D/Paper2D/Binaries/Win64/UE4Editor-Paper2DEditor.dll (API version 3709383).
LogModuleManager: Display: Found up-to-date module file ../../../Engine/Plugins/2D/Paper2D/Binaries/Win64/UE4Editor-PaperSpriteSheetImporter.dll (API version 3709383).
LogModuleManager: Display: Found up-to-date module file ../../../Engine/Plugins/2D/Paper2D/Binaries/Win64/UE4Editor-PaperTiledImporter.dll (API version 3709383).
LogModuleManager: Display: Found up-to-date module file ../../../Engine/Plugins/2D/Paper2D/Binaries/Win64/UE4Editor-SmartSnapping.dll (API version 3709383).
LogModuleManager: Display: Found up-to-date module file ../../../Engine/Plugins/Blendables/LightPropagationVolume/Binaries/Win64/UE4Editor-LightPropagationVolumeRuntime.dll (API version 3709383).
LogModuleManager: Display: Found up-to-date module file ../../../Engine/Plugins/Blendables/LightPropagationVolume/Binaries/Win64/UE4Editor-LightPropagationVolumeEditor.dll (API version 3709383).
LogModuleManager: Display: Found up-to-date module file ../../../Engine/Plugins/Developer/GitSourceControl/Binaries/Win64/UE4Editor-GitSourceControl.dll (API version 3709383).
LogModuleManager: Display: Found up-to-date module file ../../../Engine/Plugins/Developer/PerforceSourceControl/Binaries/Win64/UE4Editor-PerforceSourceControl.dll (API version 3709383).
LogModuleManager: Display: Found up-to-date module file ../../../Engine/Plugins/Developer/SubversionSourceControl/Binaries/Win64/UE4Editor-SubversionSourceControl.dll (API version 3709383).
LogModuleManager: Display: Found up-to-date module file ../../../Engine/Plugins/Developer/UObjectPlugin/Binaries/Win64/UE4Editor-UObjectPlugin.dll (API version 3709383).
LogModuleManager: Display: Found up-to-date module file ../../../Engine/Plugins/Developer/VisualStudioCodeSourceCodeAccess/Binaries/Win64/UE4Editor-VisualStudioCodeSourceCodeAccess.dll (API version 3709383).
LogModuleManager: Display: Found up-to-date module file ../../../Engine/Plugins/Developer/VisualStudioSourceCodeAccess/Binaries/Win64/UE4Editor-VisualStudioSourceCodeAccess.dll (API version 3709383).
LogModuleManager: Display: Found up-to-date module file ../../../Engine/Plugins/Editor/AssetManagerEditor/Binaries/Win64/UE4Editor-AssetManagerEditor.dll (API version 3709383).
LogModuleManager: Display: Found up-to-date module file ../../../Engine/Plugins/Editor/AudioCapture/Binaries/Win64/UE4Editor-AudioCapture.dll (API version 3709383).
LogModuleManager: Display: Found up-to-date module file ../../../Engine/Plugins/Editor/FacialAnimation/Binaries/Win64/UE4Editor-FacialAnimation.dll (API version 3709383).
LogModuleManager: Display: Found up-to-date module file ../../../Engine/Plugins/Editor/FacialAnimation/Binaries/Win64/UE4Editor-FacialAnimationEditor.dll (API version 3709383).
LogModuleManager: Display: Found up-to-date module file ../../../Engine/Plugins/Editor/GameplayTagsEditor/Binaries/Win64/UE4Editor-GameplayTagsEditor.dll (API version 3709383).
LogModuleManager: Display: Found up-to-date module file ../../../Engine/Plugins/Editor/MobileLauncherProfileWizard/Binaries/Win64/UE4Editor-MobileLauncherProfileWizard.dll (API version 3709383).
LogModuleManager: Display: Found up-to-date module file ../../../Engine/Plugins/Editor/PluginBrowser/Binaries/Win64/UE4Editor-PluginBrowser.dll (API version 3709383).
LogModuleManager: Display: Found up-to-date module file ../../../Engine/Plugins/Editor/SpeedTreeImporter/Binaries/Win64/UE4Editor-SpeedTreeImporter.dll (API version 3709383).
LogModuleManager: Display: Found up-to-date module file ../../../Engine/Plugins/Experimental/AlembicImporter/Binaries/Win64/UE4Editor-AlembicImporter.dll (API version 3709383).
LogModuleManager: Display: Found up-to-date module file ../../../Engine/Plugins/Experimental/AlembicImporter/Binaries/Win64/UE4Editor-AlembicLibrary.dll (API version 3709383).
LogModuleManager: Display: Found up-to-date module file ../../../Engine/Plugins/Experimental/CharacterAI/Binaries/Win64/UE4Editor-CharacterAI.dll (API version 3709383).
LogModuleManager: Display: Found up-to-date module file ../../../Engine/Plugins/Experimental/HTML5Networking/Binaries/Win64/UE4Editor-HTML5Networking.dll (API version 3709383).
LogModuleManager: Display: Found up-to-date module file ../../../Engine/Plugins/Media/AndroidMedia/Binaries/Win64/UE4Editor-AndroidMediaEditor.dll (API version 3709383).
LogModuleManager: Display: Found up-to-date module file ../../../Engine/Plugins/Media/AndroidMedia/Binaries/Win64/UE4Editor-AndroidMediaFactory.dll (API version 3709383).
LogModuleManager: Display: Found up-to-date module file ../../../Engine/Plugins/Media/AvfMedia/Binaries/Win64/UE4Editor-AvfMediaEditor.dll (API version 3709383).
LogModuleManager: Display: Found up-to-date module file ../../../Engine/Plugins/Media/AvfMedia/Binaries/Win64/UE4Editor-AvfMediaFactory.dll (API version 3709383).
LogModuleManager: Display: Found up-to-date module file ../../../Engine/Plugins/Media/AvfMedia/Binaries/Win64/UE4Editor-AvfMediaFactory.dll (API version 3709383).
LogModuleManager: Display: Found up-to-date module file ../../../Engine/Plugins/Media/ImgMedia/Binaries/Win64/UE4Editor-ImgMedia.dll (API version 3709383).
LogModuleManager: Display: Found up-to-date module file ../../../Engine/Plugins/Media/ImgMedia/Binaries/Win64/UE4Editor-ImgMediaEditor.dll (API version 3709383).
LogModuleManager: Display: Found up-to-date module file ../../../Engine/Plugins/Media/ImgMedia/Binaries/Win64/UE4Editor-ImgMediaFactory.dll (API version 3709383).
LogModuleManager: Display: Found up-to-date module file ../../../Engine/Plugins/Media/ImgMedia/Binaries/Win64/UE4Editor-ImgMediaFactory.dll (API version 3709383).
LogModuleManager: Display: Found up-to-date module file ../../../Engine/Plugins/Media/ImgMedia/Binaries/Win64/UE4Editor-OpenExrWrapper.dll (API version 3709383).
LogModuleManager: Display: Found up-to-date module file ../../../Engine/Plugins/Media/MediaCompositing/Binaries/Win64/UE4Editor-MediaCompositing.dll (API version 3709383).
LogModuleManager: Display: Found up-to-date module file ../../../Engine/Plugins/Media/MediaCompositing/Binaries/Win64/UE4Editor-MediaCompositingEditor.dll (API version 3709383).
LogModuleManager: Display: Found up-to-date module file ../../../Engine/Plugins/Media/MediaPlayerEditor/Binaries/Win64/UE4Editor-MediaPlayerEditor.dll (API version 3709383).
LogModuleManager: Display: Found up-to-date module file ../../../Engine/Plugins/Media/WmfMedia/Binaries/Win64/UE4Editor-WmfMedia.dll (API version 3709383).
LogModuleManager: Display: Found up-to-date module file ../../../Engine/Plugins/Media/WmfMedia/Binaries/Win64/UE4Editor-WmfMediaEditor.dll (API version 3709383).
LogModuleManager: Display: Found up-to-date module file ../../../Engine/Plugins/Media/WmfMedia/Binaries/Win64/UE4Editor-WmfMediaFactory.dll (API version 3709383).
LogModuleManager: Display: Found up-to-date module file ../../../Engine/Plugins/Media/WmfMedia/Binaries/Win64/UE4Editor-WmfMediaFactory.dll (API version 3709383).
LogModuleManager: Display: Found up-to-date module file ../../../Engine/Plugins/Messaging/TcpMessaging/Binaries/Win64/UE4Editor-TcpMessaging.dll (API version 3709383).
LogModuleManager: Display: Found up-to-date module file ../../../Engine/Plugins/Messaging/UdpMessaging/Binaries/Win64/UE4Editor-UdpMessaging.dll (API version 3709383).
LogModuleManager: Display: Found up-to-date module file ../../../Engine/Plugins/MovieScene/ActorSequence/Binaries/Win64/UE4Editor-ActorSequence.dll (API version 3709383).
LogModuleManager: Display: Found up-to-date module file ../../../Engine/Plugins/MovieScene/LevelSequenceEditor/Binaries/Win64/UE4Editor-LevelSequenceEditor.dll (API version 3709383).
LogModuleManager: Display: Found up-to-date module file ../../../Engine/Plugins/MovieScene/MatineeToLevelSequence/Binaries/Win64/UE4Editor-MatineeToLevelSequence.dll (API version 3709383).
LogModuleManager: Display: Found up-to-date module file ../../../Engine/Plugins/Online/OnlineSubsystem/Binaries/Win64/UE4Editor-OnlineSubsystem.dll (API version 3709383).
LogModuleManager: Display: Found up-to-date module file ../../../Engine/Plugins/Runtime/AndroidPermission/Binaries/Win64/UE4Editor-AndroidPermission.dll (API version 3709383).
LogModuleManager: Display: Found up-to-date module file ../../../Engine/Plugins/Online/OnlineSubsystemNull/Binaries/Win64/UE4Editor-OnlineSubsystemNull.dll (API version 3709383).
LogModuleManager: Display: Found up-to-date module file ../../../Engine/Plugins/Online/OnlineSubsystemUtils/Binaries/Win64/UE4Editor-OnlineSubsystemUtils.dll (API version 3709383).
LogModuleManager: Display: Found up-to-date module file ../../../Engine/Plugins/Online/OnlineSubsystemUtils/Binaries/Win64/UE4Editor-OnlineBlueprintSupport.dll (API version 3709383).
LogModuleManager: Display: Found up-to-date module file ../../../Engine/Plugins/Runtime/AndroidDeviceProfileSelector/Binaries/Win64/UE4Editor-AndroidDeviceProfileSelector.dll (API version 3709383).
LogModuleManager: Display: Found up-to-date module file ../../../Engine/Plugins/Runtime/AppleARKit/Binaries/Win64/UE4Editor-AppleARKit.dll (API version 3709383).
LogModuleManager: Display: Found up-to-date module file ../../../Engine/Plugins/Runtime/ArchVisCharacter/Binaries/Win64/UE4Editor-ArchVisCharacter.dll (API version 3709383).
LogModuleManager: Display: Found up-to-date module file ../../../Engine/Plugins/Runtime/CableComponent/Binaries/Win64/UE4Editor-CableComponent.dll (API version 3709383).
LogModuleManager: Display: Found up-to-date module file ../../../Engine/Plugins/Runtime/CustomMeshComponent/Binaries/Win64/UE4Editor-CustomMeshComponent.dll (API version 3709383).
LogModuleManager: Display: Found up-to-date module file ../../../Engine/Plugins/Runtime/ExampleDeviceProfileSelector/Binaries/Win64/UE4Editor-ExampleDeviceProfileSelector.dll (API version 3709383).
LogModuleManager: Display: Found up-to-date module file ../../../Engine/Plugins/Runtime/ImmediatePhysics/Binaries/Win64/UE4Editor-ImmediatePhysics.dll (API version 3709383).
LogModuleManager: Display: Found up-to-date module file ../../../Engine/Plugins/Runtime/ImmediatePhysics/Binaries/Win64/UE4Editor-ImmediatePhysicsEditor.dll (API version 3709383).
LogModuleManager: Display: Found up-to-date module file ../../../Engine/Plugins/Runtime/LocationServicesBPLibrary/Binaries/Win64/UE4Editor-LocationServicesBPLibrary.dll (API version 3709383).
LogModuleManager: Display: Found up-to-date module file ../../../Engine/Plugins/Runtime/MobilePatchingUtils/Binaries/Win64/UE4Editor-MobilePatchingUtils.dll (API version 3709383).
LogModuleManager: Display: Found up-to-date module file ../../../Engine/Plugins/Runtime/Oculus/OculusVR/Binaries/Win64/UE4Editor-OculusHMD.dll (API version 3709383).
LogModuleManager: Display: Found up-to-date module file ../../../Engine/Plugins/Runtime/Oculus/OculusVR/Binaries/Win64/UE4Editor-OculusInput.dll (API version 3709383).
LogModuleManager: Display: Found up-to-date module file ../../../Engine/Plugins/Runtime/Oculus/OculusVR/Binaries/Win64/UE4Editor-OculusEditor.dll (API version 3709383).
LogModuleManager: Display: Found up-to-date module file ../../../Engine/Plugins/Runtime/PhysXVehicles/Binaries/Win64/UE4Editor-PhysXVehicles.dll (API version 3709383).
LogModuleManager: Display: Found up-to-date module file ../../../Engine/Plugins/Runtime/PhysXVehicles/Binaries/Win64/UE4Editor-PhysXVehiclesEditor.dll (API version 3709383).
LogModuleManager: Display: Found up-to-date module file ../../../Engine/Plugins/Runtime/ProceduralMeshComponent/Binaries/Win64/UE4Editor-ProceduralMeshComponent.dll (API version 3709383).
LogModuleManager: Display: Found up-to-date module file ../../../Engine/Plugins/Runtime/ProceduralMeshComponent/Binaries/Win64/UE4Editor-ProceduralMeshComponentEditor.dll (API version 3709383).
LogModuleManager: Display: Found up-to-date module file ../../../Engine/Plugins/Runtime/RuntimePhysXCooking/Binaries/Win64/UE4Editor-RuntimePhysXCooking.dll (API version 3709383).
LogModuleManager: Display: Found up-to-date module file ../../../Engine/Plugins/Runtime/Steam/SteamVR/Binaries/Win64/UE4Editor-SteamVR.dll (API version 3709383).
LogModuleManager: Display: Found up-to-date module file ../../../Engine/Plugins/Runtime/Steam/SteamVR/Binaries/Win64/UE4Editor-SteamVRController.dll (API version 3709383).
LogModuleManager: Display: Found up-to-date module file ../../../Engine/Plugins/Runtime/WindowsMoviePlayer/Binaries/Win64/UE4Editor-WindowsMoviePlayer.dll (API version 3709383).
LogPluginManager: Mounting plugin Paper2D
LogPluginManager: Mounting plugin LightPropagationVolume
LogPluginManager: Mounting plugin CodeLiteSourceCodeAccess
LogPluginManager: Mounting plugin GitSourceControl
LogPluginManager: Mounting plugin KDevelopSourceCodeAccess
LogPluginManager: Mounting plugin NullSourceCodeAccess
LogPluginManager: Mounting plugin PerforceSourceControl
LogPluginManager: Mounting plugin SubversionSourceControl
LogPluginManager: Mounting plugin UObjectPlugin
LogPluginManager: Mounting plugin VisualStudioCodeSourceCodeAccess
LogPluginManager: Mounting plugin VisualStudioSourceCodeAccess
LogPluginManager: Mounting plugin XCodeSourceCodeAccess
LogPluginManager: Mounting plugin AssetManagerEditor
LogPluginManager: Mounting plugin AudioCapture
LogPluginManager: Mounting plugin FacialAnimation
LogPluginManager: Mounting plugin GameplayTagsEditor
LogPluginManager: Mounting plugin MobileLauncherProfileWizard
LogPluginManager: Mounting plugin PluginBrowser
LogPluginManager: Mounting plugin SpeedTreeImporter
LogPluginManager: Mounting plugin AlembicImporter
LogPluginManager: Mounting plugin CharacterAI
LogPluginManager: Mounting plugin HTML5Networking
LogPluginManager: Mounting plugin AndroidMedia
LogPluginManager: Mounting plugin AvfMedia
LogPluginManager: Mounting plugin ImgMedia
LogPluginManager: Mounting plugin MediaCompositing
LogPluginManager: Mounting plugin MediaPlayerEditor
LogPluginManager: Mounting plugin WmfMedia
LogPluginManager: Mounting plugin TcpMessaging
LogPluginManager: Mounting plugin UdpMessaging
LogPluginManager: Mounting plugin ActorSequence
LogPluginManager: Mounting plugin LevelSequenceEditor
LogPluginManager: Mounting plugin MatineeToLevelSequence
LogPluginManager: Mounting plugin OnlineSubsystemGooglePlay
LogPluginManager: Mounting plugin OnlineSubsystemIOS
LogPluginManager: Mounting plugin OnlineSubsystem
LogPluginManager: Mounting plugin OnlineSubsystemNull
LogPluginManager: Mounting plugin OnlineSubsystemUtils
LogPluginManager: Mounting plugin AndroidDeviceProfileSelector
LogPluginManager: Mounting plugin AndroidMoviePlayer
LogPluginManager: Mounting plugin AndroidPermission
LogPluginManager: Mounting plugin AppleARKit
LogPluginManager: Mounting plugin AppleMoviePlayer
LogPluginManager: Mounting plugin ArchVisCharacter
LogPluginManager: Mounting plugin CableComponent
LogPluginManager: Mounting plugin CustomMeshComponent
LogPluginManager: Mounting plugin ExampleDeviceProfileSelector
LogPluginManager: Mounting plugin GoogleCloudMessaging
LogPluginManager: Mounting plugin ImmediatePhysics
LogPluginManager: Mounting plugin IOSDeviceProfileSelector
LogPluginManager: Mounting plugin LinuxDeviceProfileSelector
LogPluginManager: Mounting plugin LocationServicesBPLibrary
LogPluginManager: Mounting plugin MobilePatchingUtils
LogPluginManager: Mounting plugin OculusVR
LogPluginManager: Plugin shader directory ../../../Engine/Plugins/Runtime/Oculus/OculusVR/Shaders found
LogPluginManager: Mapping shader source directory ../../../Engine/Plugins/Runtime/Oculus/OculusVR/Shaders to virtual directory /Plugin/OculusVR
LogPluginManager: Mounting plugin PhysXVehicles
LogPluginManager: Mounting plugin ProceduralMeshComponent
LogPluginManager: Mounting plugin RuntimePhysXCooking
LogPluginManager: Mounting plugin SteamVR
LogPluginManager: Mounting plugin WindowsMoviePlayer
LogInit: Using libcurl 7.47.1
LogInit:  - built for x86_64-pc-win32
LogInit:  - supports SSL with OpenSSL/1.0.2g
LogInit:  - supports HTTP deflate (compression) using libz 1.2.8
LogInit:  - other features:
LogInit:      CURL_VERSION_SSL
LogInit:      CURL_VERSION_LIBZ
LogInit:      CURL_VERSION_IPV6
LogInit:      CURL_VERSION_ASYNCHDNS
LogInit:      CURL_VERSION_LARGEFILE
LogInit:      CURL_VERSION_IDN
LogInit:  CurlRequestOptions (configurable via config and command line):
LogInit:  - bVerifyPeer = false  - Libcurl will NOT verify peer certificate
LogInit:  - bUseHttpProxy = false  - Libcurl will NOT use HTTP proxy
LogInit:  - bDontReuseConnections = false  - Libcurl will reuse connections
LogInit:  - CertBundlePath = nullptr  - Libcurl will use whatever was configured at build time.
LogInit: Build: ++UE4+Release-4.18-CL-3832480
LogInit: Engine Version: 4.18.3-3832480+++UE4+Release-4.18
LogInit: Compatible Engine Version: 4.18.0-3709383+++UE4+Release-4.18
LogInit: Net CL: 3709383
LogDevObjectVersion: Number of dev versions registered: 16
LogDevObjectVersion:   Dev-Blueprints (B0D832E4-1F89-4F0D-ACCF-7EB736FD4AA2): 10
LogDevObjectVersion:   Dev-Build (E1C64328-A22C-4D53-A36C-8E866417BD8C): 0
LogDevObjectVersion:   Dev-Core (375EC13C-06E4-48FB-B500-84F0262A717E): 2
LogDevObjectVersion:   Dev-Editor (E4B068ED-F494-42E9-A231-DA0B2E46BB41): 20
LogDevObjectVersion:   Dev-Framework (CFFC743F-43B0-4480-9391-14DF171D2073): 30
LogDevObjectVersion:   Dev-Mobile (B02B49B5-BB20-44E9-A304-32B752E40360): 0
LogDevObjectVersion:   Dev-Networking (A4E4105C-59A1-49B5-A7C5-40C4547EDFEE): 0
LogDevObjectVersion:   Dev-Online (39C831C9-5AE6-47DC-9A44-9C173E1C8E7C): 0
LogDevObjectVersion:   Dev-Physics (78F01B33-EBEA-4F98-B9B4-84EACCB95AA2): 0
LogDevObjectVersion:   Dev-Platform (6631380F-2D4D-43E0-8009-CF276956A95A): 0
LogDevObjectVersion:   Dev-Rendering (12F88B9F-8875-4AFC-A67C-D90C383ABD29): 20
LogDevObjectVersion:   Dev-Sequencer (7B5AE74C-D270-4C10-A958-57980B212A5A): 4
LogDevObjectVersion:   Dev-VR (D7296918-1DD6-4BDD-9DE2-64A83CC13884): 0
LogDevObjectVersion:   Dev-LoadTimes (C2A15278-BFE7-4AFE-6C17-90FF531DF755): 1
LogDevObjectVersion:   Private-Geometry (6EACA3D4-40EC-4CC1-B786-8BED09428FC5): 1
LogDevObjectVersion:   Dev-AnimPhys (29E575DD-E0A3-4627-9D10-D276232CDCEA): 12
LogInit: Compiled (64-bit): Jan 12 2018 02:04:55
LogInit: Compiled with Visual C++: 19.00.24215.01
LogInit: Build Configuration: Development
LogInit: Branch Name: ++UE4+Release-4.18
LogInit: Command line:  
LogInit: Base directory: C:/Program Files/Epic Games/UE_4.18/Engine/Binaries/Win64/
LogInit: Installed Engine Build: 1
LogInit: Presizing for max 8388607 objects, including 0 objects not considered by GC, pre-allocating 0 bytes for permanent pool.
LogInit: Object subsystem initialized
[2018.04.21-17.13.27:627][  0]LogInit: Selected Device Profile: [Windows]
[2018.04.21-17.13.27:627][  0]LogInit: Applying CVar settings loaded from the selected device profile: [Windows]
[2018.04.21-17.13.27:699][  0]LogInit: Computer: DESKTOP-ROG3L5A
[2018.04.21-17.13.27:699][  0]LogInit: User: Ashley
[2018.04.21-17.13.27:699][  0]LogInit: CPU Page size=4096, Cores=4
[2018.04.21-17.13.27:699][  0]LogInit: High frequency timer resolution =1.945313 MHz
[2018.04.21-17.13.27:700][  0]LogMemory: Memory total: Physical=15.9GB (16GB approx)
[2018.04.21-17.13.27:700][  0]LogMemory: Platform Memory Stats for Windows
[2018.04.21-17.13.27:700][  0]LogMemory: Process Physical Memory: 275.11 MB used, 275.11 MB peak
[2018.04.21-17.13.27:700][  0]LogMemory: Process Virtual Memory: 270.98 MB used, 270.98 MB peak
[2018.04.21-17.13.27:700][  0]LogMemory: Physical Memory: 11386.36 MB used,  4864.03 MB free, 16250.39 MB total
[2018.04.21-17.13.27:700][  0]LogMemory: Virtual Memory: 683.83 MB used,  4864.03 MB free, 134217728.00 MB total
[2018.04.21-17.13.28:260][  0]LogInit: Using OS detected language (en-US).
[2018.04.21-17.13.28:260][  0]LogInit: Using OS detected locale (en-US).
[2018.04.21-17.13.28:350][  0]LogTextLocalizationManager: No specific localization for 'en-US' exists, so the 'en' localization will be used.
[2018.04.21-17.13.29:143][  0]LogInit: Setting process to per monitor DPI aware
[2018.04.21-17.13.36:815][  0]LogD3D11RHI: D3D11 adapters:
[2018.04.21-17.13.36:984][  0]LogD3D11RHI:    0. 'NVIDIA GeForce 940MX' (Feature Level 11_0)
[2018.04.21-17.13.36:984][  0]LogD3D11RHI:       2020/0/8125 MB DedicatedVideo/DedicatedSystem/SharedSystem, Outputs:1, VendorId:0x10de
[2018.04.21-17.13.37:021][  0]LogD3D11RHI:    1. 'Intel(R) UHD Graphics 620' (Feature Level 11_0)
[2018.04.21-17.13.37:021][  0]LogD3D11RHI:       128/0/8125 MB DedicatedVideo/DedicatedSystem/SharedSystem, Outputs:0, VendorId:0x8086
[2018.04.21-17.13.37:030][  0]LogD3D11RHI:    2. 'Microsoft Basic Render Driver' (Feature Level 11_0)
[2018.04.21-17.13.37:030][  0]LogD3D11RHI:       0/0/8125 MB DedicatedVideo/DedicatedSystem/SharedSystem, Outputs:0, VendorId:0x1414
[2018.04.21-17.13.37:030][  0]LogD3D11RHI: Chosen D3D11 Adapter: 0
[2018.04.21-17.13.37:066][  0]LogD3D11RHI: Creating new Direct3DDevice
[2018.04.21-17.13.37:067][  0]LogD3D11RHI:     GPU DeviceId: 0x134d (for the marketing name, search the web for "GPU Device Id")
[2018.04.21-17.13.37:067][  0]LogWindows: EnumDisplayDevices:
[2018.04.21-17.13.37:067][  0]LogWindows:    0. 'Intel(R) UHD Graphics 620' (P:1 D:1)
[2018.04.21-17.13.37:067][  0]LogWindows:    1. 'Intel(R) UHD Graphics 620' (P:0 D:0)
[2018.04.21-17.13.37:068][  0]LogWindows:    2. 'Intel(R) UHD Graphics 620' (P:0 D:0)
[2018.04.21-17.13.37:068][  0]LogWindows: DebugString: GetVideoDriverDetailsInvalid PrimaryIsNotTheChoosenAdapter GetVideoDriverDetailsInvalid PrimaryIsNotTheChoosenAdapter GetVideoDriverDetailsInvalid PrimaryIsNotTheChoosenAdapter FoundDriverCount:0 
[2018.04.21-17.13.37:068][  0]LogD3D11RHI:     Adapter Name: NVIDIA GeForce 940MX
[2018.04.21-17.13.37:068][  0]LogD3D11RHI:   Driver Version: Unknown (internal:Unknown, unified:Unknown)
[2018.04.21-17.13.37:068][  0]LogD3D11RHI:      Driver Date: Unknown
[2018.04.21-17.13.37:068][  0]LogRHI: Texture pool is 1414 MB (70% of 2020 MB)
[2018.04.21-17.13.37:127][  0]LogD3D11RHI: Async texture creation enabled
[2018.04.21-17.13.37:181][  0]LogD3D11RHI: GPU Timing Frequency: 1000.000000 (Debug: 2 1)
[2018.04.21-17.13.37:192][  0]LogShaderCompilers: Guid format shader working directory is -19 characters bigger than the processId version (../../../../../../Users/Ashley/Documents/GitHub/Cogworks/Cogworks/Intermediate/Shaders/WorkingDirectory/20180/).
[2018.04.21-17.13.37:192][  0]LogShaderCompilers: Cleaned the shader compiler working directory 'C:/Users/Ashley/AppData/Local/Temp/UnrealShaderWorkingDir/3CCA861C4CFE4D8C9AEE35942C4F3229/'.
[2018.04.21-17.13.37:193][  0]LogShaderCompilers: Display: Using Local Shader Compiler.
[2018.04.21-17.13.42:922][  0]LogTemp: Display: Loaded TP AllDesktopTargetPlatform
[2018.04.21-17.13.43:191][  0]LogTemp: Display: Loaded TP MacClientTargetPlatform
[2018.04.21-17.13.43:564][  0]LogTemp: Display: Loaded TP MacNoEditorTargetPlatform
[2018.04.21-17.13.43:720][  0]LogTemp: Display: Loaded TP MacServerTargetPlatform
[2018.04.21-17.13.43:952][  0]LogTemp: Display: Loaded TP MacTargetPlatform
[2018.04.21-17.13.44:300][  0]LogTemp: Display: Loaded TP WindowsClientTargetPlatform
[2018.04.21-17.13.44:625][  0]LogTemp: Display: Loaded TP WindowsNoEditorTargetPlatform
[2018.04.21-17.13.45:013][  0]LogTemp: Display: Loaded TP WindowsServerTargetPlatform
[2018.04.21-17.13.45:245][  0]LogTemp: Display: Loaded TP WindowsTargetPlatform
[2018.04.21-17.13.45:412][  0]LogTemp: Display: Loaded TP Android_ASTCTargetPlatform
[2018.04.21-17.13.45:738][  0]LogTemp: Display: Loaded TP Android_ATCTargetPlatform
[2018.04.21-17.13.46:002][  0]LogTemp: Display: Loaded TP Android_DXTTargetPlatform
[2018.04.21-17.13.46:091][  0]LogTemp: Display: Loaded TP Android_ETC1TargetPlatform
[2018.04.21-17.13.46:178][  0]LogTemp: Display: Loaded TP Android_ETC2TargetPlatform
[2018.04.21-17.13.46:560][  0]LogTemp: Display: Loaded TP Android_MultiTargetPlatform
[2018.04.21-17.13.46:560][  0]LogTemp: Display: Loaded TP Android_PVRTCTargetPlatform
[2018.04.21-17.13.46:844][  0]LogTemp: Display: Loaded TP AndroidTargetPlatform
[2018.04.21-17.13.47:133][  0]LogTemp: Display: Loaded TP HTML5TargetPlatform
[2018.04.21-17.13.47:544][  0]LogTemp: Display: Loaded TP IOSTargetPlatform
[2018.04.21-17.13.47:738][  0]LogTemp: Display: Loaded TP TVOSTargetPlatform
[2018.04.21-17.13.48:065][  0]LogTemp: Display: Loaded TP LinuxClientTargetPlatform
[2018.04.21-17.13.48:393][  0]LogTemp: Display: Loaded TP LinuxNoEditorTargetPlatform
[2018.04.21-17.13.48:689][  0]LogTemp: Display: Loaded TP LinuxServerTargetPlatform
[2018.04.21-17.13.48:850][  0]LogTemp: Display: Loaded TP LinuxTargetPlatform
[2018.04.21-17.13.48:850][  0]LogTargetPlatformManager: Display: Building Assets For Windows
[2018.04.21-17.13.51:555][  0]LogDerivedDataCache: Display: Max Cache Size: 512 MB
[2018.04.21-17.13.52:276][  0]LogDerivedDataCache: Loaded boot cache 0.72s 78MB C:/Users/Ashley/AppData/Local/UnrealEngine/4.18/DerivedDataCache/Boot.ddc.
[2018.04.21-17.13.52:276][  0]LogDerivedDataCache: Display: Loaded Boot cache: C:/Users/Ashley/AppData/Local/UnrealEngine/4.18/DerivedDataCache/Boot.ddc
[2018.04.21-17.13.52:277][  0]LogDerivedDataCache: FDerivedDataBackendGraph:  Pak pak cache file ../../../../../../Users/Ashley/Documents/GitHub/Cogworks/Cogworks/DerivedDataCache/DDC.ddp not found, will not use a pak cache.
[2018.04.21-17.13.52:277][  0]LogDerivedDataCache: Unable to find inner node Pak for hierarchical cache Hierarchy.
[2018.04.21-17.13.52:277][  0]LogDerivedDataCache: FDerivedDataBackendGraph:  CompressedPak pak cache file ../../../../../../Users/Ashley/Documents/GitHub/Cogworks/Cogworks/DerivedDataCache/Compressed.ddp not found, will not use a pak cache.
[2018.04.21-17.13.52:277][  0]LogDerivedDataCache: Unable to find inner node CompressedPak for hierarchical cache Hierarchy.
[2018.04.21-17.13.52:375][  0]LogDerivedDataCache: Display: Pak cache opened for reading ../../../Engine/DerivedDataCache/Compressed.ddp.
[2018.04.21-17.13.52:397][  0]LogDerivedDataCache: Using Local data cache path C:/Users/Ashley/AppData/Local/UnrealEngine/Common/DerivedDataCache: Writable
[2018.04.21-17.13.52:424][  0]LogMaterial: Verifying Global Shaders for PCD3D_SM5
[2018.04.21-17.13.52:432][  0]LogSlate: Using Freetype 2.6.0
[2018.04.21-17.13.52:475][  0]LogSlate: SlateFontCache - WITH_FREETYPE: 1, WITH_HARFBUZZ: 1
[2018.04.21-17.13.52:475][  0]LogSlate: SlateFontCache - WITH_FREETYPE: 1, WITH_HARFBUZZ: 1
[2018.04.21-17.13.55:108][  0]LogInit: Selected Device Profile: [Windows]
[2018.04.21-17.13.57:128][  0]LogSimplygon: Simplygon DLL not present - disabling.
[2018.04.21-17.13.57:448][  0]LogMeshReduction: Using SimplygonSwarm for distributed automatic mesh merging
[2018.04.21-17.13.57:449][  0]LogMeshReduction: Using QuadricMeshReduction for automatic static mesh reduction
[2018.04.21-17.13.57:450][  0]LogMeshReduction: No automatic skeletal mesh reduction module available
[2018.04.21-17.13.57:450][  0]LogMeshReduction: No automatic mesh merging module available
[2018.04.21-17.13.57:450][  0]LogMeshMerging: No automatic mesh merging module available
[2018.04.21-17.13.57:684][  0]LogNetVersion: Cogworks , NetCL: 3709383, EngineNetVer: 2, GameNetVer: 0 (Checksum: 56569423)
[2018.04.21-17.13.59:289][  0]LogAssetRegistry: FAssetRegistry took 0.0454 seconds to start up
[2018.04.21-17.14.02:896][  0]LogPackageLocalizationCache: Processed 7 localized package path(s) for 2 prioritized culture(s) in 0.250064 seconds
[2018.04.21-17.14.02:908][  0]LogUObjectArray: 35870 objects as part of root set at end of initial load.
[2018.04.21-17.14.02:908][  0]LogUObjectAllocator: 7363696 out of 0 bytes used by permanent object pool.
[2018.04.21-17.14.02:908][  0]LogUObjectArray: CloseDisregardForGC: 0/0 objects in disregard for GC pool
[2018.04.21-17.14.03:241][  0]LogInit: WinSock: version 1.1 (2.2), MaxSocks=32767, MaxUdp=65467
[2018.04.21-17.14.19:826][  0]LogTcpMessaging: Initializing TcpMessaging bridge
[2018.04.21-17.14.19:944][  0]LogUdpMessaging: Initializing bridge on interface 0.0.0.0:0 to multicast group 230.0.0.1:6666.
[2018.04.21-17.14.22:054][  0]LogMaterial: Uniform references updated for custom material expression Custom.
[2018.04.21-17.14.23:715][  0]SourceControl: Source control is disabled
[2018.04.21-17.14.23:715][  0]SourceControl: Source control is disabled
[2018.04.21-17.14.23:925][  0]SourceControl: Source control is disabled
[2018.04.21-17.14.24:123][  0]SourceControl: Source control is disabled
[2018.04.21-17.14.27:129][  0]LogAndroidPermission: UAndroidPermissionCallbackProxy::GetInstance
[2018.04.21-17.14.28:430][  0]LogOcInput: OculusInput pre-init called
[2018.04.21-17.14.29:927][  0]LogEngine: Initializing Engine...
[2018.04.21-17.14.29:934][  0]LogHMD: Failed to initialize OpenVR with code 110
[2018.04.21-17.14.31:077][  0]LogStats: UGameplayTagsManager::ConstructGameplayTagTree: Construct from data asset -  0.000 s
[2018.04.21-17.14.31:077][  0]LogStats: UGameplayTagsManager::ConstructGameplayTagTree: GameplayTagTreeChangedEvent.Broadcast -  0.000 s
[2018.04.21-17.14.31:516][  0]LogAIModule: Creating AISystem for world Untitled
[2018.04.21-17.14.31:556][  0]LogInit: XAudio2 using 'Speakers (Realtek High Definition Audio)' : 2 channels at 48 kHz using 32 bits per sample (channel mask 0x3)
[2018.04.21-17.14.31:880][  0]LogInit: FAudioDevice initialized.
[2018.04.21-17.14.31:992][  0]LogDerivedDataCache: Saved boot cache 0.11s 78MB C:/Users/Ashley/AppData/Local/UnrealEngine/4.18/DerivedDataCache/Boot.ddc.
[2018.04.21-17.14.32:028][  0]LogInit: Texture streaming: Enabled
[2018.04.21-17.14.32:302][  0]LogEngineSessionManager: EngineSessionManager initialized
[2018.04.21-17.14.32:857][  0]LogInit: Transaction tracking system initialized
[2018.04.21-17.14.33:892][  0]BlueprintLog: New page: Editor Load
[2018.04.21-17.14.36:417][  0]LocalizationService: Localization service is disabled
[2018.04.21-17.14.38:763][  0]LogConsoleResponse: Display: 
[2018.04.21-17.14.39:500][  0]LogCook: Display: Max memory allowance for cook 16384mb min free memory 0mb
[2018.04.21-17.14.39:501][  0]LogCook: Display: Mobile HDR setting 1
[2018.04.21-17.14.39:501][  0]LogGameplayTags: Display: UGameplayTagsManager::DoneAddingNativeTags. DelegateIsBound: 0
[2018.04.21-17.14.40:301][  0]LogFileCache: Scanning file cache for directory 'C:/Users/Ashley/Documents/GitHub/Cogworks/Cogworks/Content/' took 0.02s
[2018.04.21-17.14.42:504][  0]SourceControl: Source control is disabled
[2018.04.21-17.14.42:506][  0]Cmd: MAP LOAD FILE="../../../../../../Users/Ashley/Documents/GitHub/Cogworks/Cogworks/Content/ThirdPersonBP/Maps/ThirdPersonExampleMap.umap" TEMPLATE=0 SHOWPROGRESS=1 FEATURELEVEL=3
[2018.04.21-17.14.42:507][  0]LightingResults: New page: Lighting Build
[2018.04.21-17.14.42:585][  0]MapCheck: New page: Map Check
[2018.04.21-17.14.42:585][  0]LightingResults: New page: Lighting Build
[2018.04.21-17.14.44:049][  0]LogAIModule: Creating AISystem for world ThirdPersonExampleMap
[2018.04.21-17.14.44:082][  0]LogEditorServer: Finished looking for orphan Actors (0.000 secs)
[2018.04.21-17.14.44:097][  0]Cmd: MAP CHECKDEP NOCLEARLOG
[2018.04.21-17.14.44:175][  0]MapCheck: Map check complete: 0 Error(s), 0 Warning(s), took 76.916ms to complete.
[2018.04.21-17.14.44:175][  0]LogFileHelpers: Loading map 'ThirdPersonExampleMap' took 1.670
[2018.04.21-17.14.44:574][  0]LogCollectionManager: Loaded 0 collections in 0.001711 seconds
[2018.04.21-17.14.44:716][  0]LogFileCache: Scanning file cache for directory 'C:/Users/Ashley/Documents/GitHub/Cogworks/Cogworks/Saved/Collections/' took 0.01s
[2018.04.21-17.14.44:716][  0]LogFileCache: Scanning file cache for directory 'C:/Users/Ashley/Documents/GitHub/Cogworks/Cogworks/Content/Developers/Ashley/Collections/' took 0.01s
[2018.04.21-17.14.44:716][  0]LogFileCache: Scanning file cache for directory 'C:/Users/Ashley/Documents/GitHub/Cogworks/Cogworks/Content/Collections/' took 0.01s
[2018.04.21-17.14.44:716][  0]LogCollectionManager: Rebuilt the GUID cache for 0 collections in 0.000001 seconds
[2018.04.21-17.14.44:734][  0]LogContentBrowser: Native class hierarchy populated in 0.0164 seconds. Added 2363 classes and 519 folders.
[2018.04.21-17.14.45:159][  0]LogContentBrowser: Native class hierarchy updated for 'WidgetCarousel' in 0.0005 seconds. Added 0 classes and 0 folders.
[2018.04.21-17.14.46:138][  0]LogContentBrowser: Native class hierarchy updated for 'AddContentDialog' in 0.0003 seconds. Added 0 classes and 0 folders.
[2018.04.21-17.14.46:300][  0]LogContentBrowser: Native class hierarchy updated for 'SceneOutliner' in 0.0007 seconds. Added 1 classes and 2 folders.
[2018.04.21-17.14.46:447][  0]LogSlate: Took 0.021771 seconds to synchronously load lazily loaded font '../../../Engine/Content/Slate/Fonts/Roboto-Regular.ttf' (155K)
[2018.04.21-17.14.46:475][  0]LogSlate: Took 0.016935 seconds to synchronously load lazily loaded font '../../../Engine/Content/Slate/Fonts/Roboto-Bold.ttf' (160K)
[2018.04.21-17.14.46:498][  0]LogSlate: Took 0.010910 seconds to synchronously load lazily loaded font '../../../Engine/Content/Editor/Slate/Fonts/FontAwesome.ttf' (139K)
[2018.04.21-17.14.47:099][  0]LogRenderer: Reallocating scene render targets to support 1208x576 Format 10 NumSamples 1 (Frame:1).
[2018.04.21-17.14.47:873][  0]LogContentBrowser: Native class hierarchy updated for 'HierarchicalLODOutliner' in 0.0003 seconds. Added 1 classes and 2 folders.
[2018.04.21-17.14.47:873][  0]LogLoad: (Engine Initialization) Total time: 92.05 seconds
[2018.04.21-17.14.47:873][  0]LogLoad: (Engine Initialization) Total Blueprint compile time: 0.00 seconds
[2018.04.21-17.14.47:873][  0]LogExternalProfiler: No external profilers were discovered.  External profiling features will not be available.
[2018.04.21-17.14.47:917][  0]LogContentStreaming: Texture pool size now 1000 MB
[2018.04.21-17.14.47:990][  1]LogAssetRegistry: Asset discovery search completed in 48.7261 seconds
[2018.04.21-17.14.47:992][  1]LogCollectionManager: Rebuilt the object cache for 0 collections in 0.000001 seconds (found 0 objects)
[2018.04.21-17.14.47:992][  1]LogCollectionManager: Fixed up redirectors for 0 collections in 0.000039 seconds (updated 0 objects)
[2018.04.21-17.14.49:023][ 18]LogSlate: Took 0.006370 seconds to synchronously load lazily loaded font '../../../Engine/Content/Slate/Fonts/Roboto-Light.ttf' (159K)
[2018.04.21-17.15.34:918][477]LogEditorViewport: Clicking on Actor (LMB): ThirdPersonCharacter_C (ThirdPersonCharacter)
[2018.04.21-17.15.47:997][766]LogSlate: Only BGRA pngs, bmps or icos are supported in by External Image Picker
[2018.04.21-17.15.48:086][768]LogTemp: Executing iPhonePackager certificates Engine -bundlename com.YourCompany.Cogworks
[2018.04.21-17.15.48:086][768]LogTemp: CWD: C:\Program Files\Epic Games\UE_4.18\Engine\Binaries\DotNET\IOS
[2018.04.21-17.15.48:086][768]LogTemp: Initial Dir: C:\Program Files\Epic Games\UE_4.18
[2018.04.21-17.15.48:086][768]LogTemp: Env CWD: C:\Program Files\Epic Games\UE_4.18\Engine\Binaries\DotNET\IOS
[2018.04.21-17.15.48:090][768]LogTemp: BranchPath = DESKTOP-ROG3L5A/C/Program Files/Epic Games/UE_4.18/Engine/Binaries --- GameBranchPath = DESKTOP-ROG3L5A/C/Program Files/Epic Games/UE_4.18/Engine/Binaries
[2018.04.21-17.15.48:105][768]LogTemp: IPP ERROR: Could not find provision directory 'C:\Users\Ashley\AppData\Local/Apple Computer/MobileDevice/Provisioning Profiles/'.
[2018.04.21-17.16.08:017][539]LogSlate: Took 0.009452 seconds to synchronously load lazily loaded font '../../../Engine/Content/Editor/Slate/Fonts/Roboto-Italic.ttf' (157K)
[2018.04.21-17.16.11:529][652]LogSlate: Took 0.006214 seconds to synchronously load lazily loaded font '../../../Engine/Content/Slate/Fonts/Roboto-Light.ttf' (159K)
[2018.04.21-17.16.12:437][652]LogContentBrowser: Native class hierarchy updated for 'BlueprintGraph' in 0.0028 seconds. Added 116 classes and 0 folders.
[2018.04.21-17.16.14:652][652]LogSlate: Took 0.009141 seconds to synchronously load lazily loaded font '../../../Engine/Content/Editor/Slate/Fonts/Roboto-BoldCondensed.ttf' (158K)
[2018.04.21-17.16.34:437][108]LogEditorViewport: Clicking on Actor (LMB): StaticMeshActor (Floor)
[2018.04.21-17.16.36:154][143]LogEditorViewport: Clicking on Actor (LMB): StaticMeshActor (Floor)
[2018.04.21-17.16.36:926][161]LogEditorViewport: Clicking on Actor (LMB): SkeletalMeshActor (SK_FPGun)
[2018.04.21-17.16.37:074][162]LogAnimation: Warning: SkeletalMesh SK_FPGun has no skeleton. This needs to fixed before an animation can be set
[2018.04.21-17.16.37:639][179]LogAnimation: Warning: SkeletalMesh SK_FPGun has no skeleton. This needs to fixed before an animation can be set
[2018.04.21-17.16.37:665][180]LogAnimation: Warning: SkeletalMesh SK_FPGun has no skeleton. This needs to fixed before an animation can be set
[2018.04.21-17.16.37:701][181]LogAnimation: Warning: SkeletalMesh SK_FPGun has no skeleton. This needs to fixed before an animation can be set
[2018.04.21-17.16.37:742][182]LogAnimation: Warning: SkeletalMesh SK_FPGun has no skeleton. This needs to fixed before an animation can be set
[2018.04.21-17.16.37:786][183]LogAnimation: Warning: SkeletalMesh SK_FPGun has no skeleton. This needs to fixed before an animation can be set
[2018.04.21-17.16.37:832][184]LogAnimation: Warning: SkeletalMesh SK_FPGun has no skeleton. This needs to fixed before an animation can be set
[2018.04.21-17.16.37:873][185]LogAnimation: Warning: SkeletalMesh SK_FPGun has no skeleton. This needs to fixed before an animation can be set
[2018.04.21-17.16.37:912][186]LogAnimation: Warning: SkeletalMesh SK_FPGun has no skeleton. This needs to fixed before an animation can be set
[2018.04.21-17.16.37:954][187]LogAnimation: Warning: SkeletalMesh SK_FPGun has no skeleton. This needs to fixed before an animation can be set
[2018.04.21-17.16.40:190][243]LogAnimation: Warning: SkeletalMesh SK_FPGun has no skeleton. This needs to fixed before an animation can be set
[2018.04.21-17.16.40:233][244]LogAnimation: Warning: SkeletalMesh SK_FPGun has no skeleton. This needs to fixed before an animation can be set
[2018.04.21-17.16.40:271][245]LogAnimation: Warning: SkeletalMesh SK_FPGun has no skeleton. This needs to fixed before an animation can be set
[2018.04.21-17.16.40:323][246]LogAnimation: Warning: SkeletalMesh SK_FPGun has no skeleton. This needs to fixed before an animation can be set
[2018.04.21-17.16.40:370][247]LogAnimation: Warning: SkeletalMesh SK_FPGun has no skeleton. This needs to fixed before an animation can be set
[2018.04.21-17.16.40:418][248]LogAnimation: Warning: SkeletalMesh SK_FPGun has no skeleton. This needs to fixed before an animation can be set
[2018.04.21-17.16.40:470][249]LogAnimation: Warning: SkeletalMesh SK_FPGun has no skeleton. This needs to fixed before an animation can be set
[2018.04.21-17.16.40:509][250]LogAnimation: Warning: SkeletalMesh SK_FPGun has no skeleton. This needs to fixed before an animation can be set
[2018.04.21-17.16.40:551][251]LogAnimation: Warning: SkeletalMesh SK_FPGun has no skeleton. This needs to fixed before an animation can be set
[2018.04.21-17.16.40:595][252]LogAnimation: Warning: SkeletalMesh SK_FPGun has no skeleton. This needs to fixed before an animation can be set
[2018.04.21-17.16.40:638][253]LogAnimation: Warning: SkeletalMesh SK_FPGun has no skeleton. This needs to fixed before an animation can be set
[2018.04.21-17.16.40:681][254]LogAnimation: Warning: SkeletalMesh SK_FPGun has no skeleton. This needs to fixed before an animation can be set
[2018.04.21-17.16.40:726][255]LogAnimation: Warning: SkeletalMesh SK_FPGun has no skeleton. This needs to fixed before an animation can be set
[2018.04.21-17.16.40:769][256]LogAnimation: Warning: SkeletalMesh SK_FPGun has no skeleton. This needs to fixed before an animation can be set
[2018.04.21-17.16.47:447][353]LogEditorViewport: Clicking on Actor (LMB): ThirdPersonCharacter_C (ThirdPersonCharacter)
[2018.04.21-17.16.57:463][560]LogEditorViewport: Clicking on Actor (LMB): ThirdPersonCharacter_C (ThirdPersonCharacter)
[2018.04.21-17.16.58:390][579]LogEditorViewport: Clicking on Actor (LMB): StaticMeshActor (Floor)
[2018.04.21-17.17.04:123][658]LogEditorViewport: Clicking on Actor (LMB): SkeletalMeshActor (SK_FPGun)
[2018.04.21-17.17.04:440][659]LogAnimation: Warning: SkeletalMesh SK_FPGun has no skeleton. This needs to fixed before an animation can be set
[2018.04.21-17.17.10:461][787]LogAnimation: Warning: SkeletalMesh SK_FPGun has no skeleton. This needs to fixed before an animation can be set
[2018.04.21-17.17.10:496][788]LogAnimation: Warning: SkeletalMesh SK_FPGun has no skeleton. This needs to fixed before an animation can be set
[2018.04.21-17.17.10:534][789]LogAnimation: Warning: SkeletalMesh SK_FPGun has no skeleton. This needs to fixed before an animation can be set
[2018.04.21-17.17.10:580][790]LogAnimation: Warning: SkeletalMesh SK_FPGun has no skeleton. This needs to fixed before an animation can be set
[2018.04.21-17.17.10:638][791]LogAnimation: Warning: SkeletalMesh SK_FPGun has no skeleton. This needs to fixed before an animation can be set
[2018.04.21-17.17.10:701][792]LogAnimation: Warning: SkeletalMesh SK_FPGun has no skeleton. This needs to fixed before an animation can be set
[2018.04.21-17.17.10:721][793]LogAnimation: Warning: SkeletalMesh SK_FPGun has no skeleton. This needs to fixed before an animation can be set
[2018.04.21-17.17.10:745][794]LogAnimation: Warning: SkeletalMesh SK_FPGun has no skeleton. This needs to fixed before an animation can be set
[2018.04.21-17.17.10:786][795]LogAnimation: Warning: SkeletalMesh SK_FPGun has no skeleton. This needs to fixed before an animation can be set
[2018.04.21-17.17.10:828][796]LogAnimation: Warning: SkeletalMesh SK_FPGun has no skeleton. This needs to fixed before an animation can be set
[2018.04.21-17.17.10:871][797]LogAnimation: Warning: SkeletalMesh SK_FPGun has no skeleton. This needs to fixed before an animation can be set
[2018.04.21-17.17.10:942][798]LogAnimation: Warning: SkeletalMesh SK_FPGun has no skeleton. This needs to fixed before an animation can be set
[2018.04.21-17.17.10:990][799]LogAnimation: Warning: SkeletalMesh SK_FPGun has no skeleton. This needs to fixed before an animation can be set
[2018.04.21-17.17.11:028][800]LogAnimation: Warning: SkeletalMesh SK_FPGun has no skeleton. This needs to fixed before an animation can be set
[2018.04.21-17.17.11:049][801]LogAnimation: Warning: SkeletalMesh SK_FPGun has no skeleton. This needs to fixed before an animation can be set
[2018.04.21-17.17.11:082][802]LogAnimation: Warning: SkeletalMesh SK_FPGun has no skeleton. This needs to fixed before an animation can be set
[2018.04.21-17.17.27:236][281]LogEditorViewport: Clicking on Actor (LMB): ThirdPersonCharacter_C (ThirdPersonCharacter)
[2018.04.21-17.18.38:303][546]LogEditorViewport: Clicking on Actor (LMB): StaticMeshActor (Floor)
[2018.04.21-17.18.40:294][591]LogEditorViewport: Clicking on Actor (LMB): SkeletalMeshActor (SK_FPGun)
[2018.04.21-17.18.40:510][592]LogAnimation: Warning: SkeletalMesh SK_FPGun has no skeleton. This needs to fixed before an animation can be set
[2018.04.21-17.18.41:967][628]LogEditorViewport: Clicking on Actor (LMB): ThirdPersonCharacter_C (ThirdPersonCharacter)
[2018.04.21-17.18.43:260][649]LogEditorViewport: Clicking on Actor (LMB): StaticMeshActor (Floor)
[2018.04.21-17.18.44:814][688]LogEditorViewport: Clicking on Actor (LMB): SkeletalMeshActor (SK_FPGun)
[2018.04.21-17.18.44:973][689]LogAnimation: Warning: SkeletalMesh SK_FPGun has no skeleton. This needs to fixed before an animation can be set
[2018.04.21-17.18.49:191][812]LogEditorViewport: Clicking on Actor (LMB): ThirdPersonCharacter_C (ThirdPersonCharacter)
[2018.04.21-17.18.58:015][986]LogEditorViewport: Clicking on Actor (LMB): StaticMeshActor (Floor)
[2018.04.21-17.19.00:448][ 41]LogTemp: Repeating last play command: Selected Viewport
[2018.04.21-17.19.00:605][ 41]LogBlueprintUserMessages: Early PlayInEditor Detection: Level '/Game/ThirdPersonBP/Maps/ThirdPersonExampleMap.ThirdPersonExampleMap:PersistentLevel' has LevelScriptBlueprint '/Game/ThirdPersonBP/Maps/ThirdPersonExampleMap.ThirdPersonExampleMap:PersistentLevel.ThirdPersonExampleMap' with GeneratedClass '/Game/ThirdPersonBP/Maps/ThirdPersonExampleMap.ThirdPersonExampleMap_C' with ClassGeneratedBy '/Game/ThirdPersonBP/Maps/ThirdPersonExampleMap.ThirdPersonExampleMap:PersistentLevel.ThirdPersonExampleMap'
[2018.04.21-17.19.00:607][ 41]LogPlayLevel: PlayLevel: No blueprints needed recompiling
[2018.04.21-17.19.00:609][ 41]PIE: New page: PIE session: ThirdPersonExampleMap (Apr 21, 2018, 9:19:00 AM)
[2018.04.21-17.19.00:609][ 41]LogPlayLevel: Creating play world package: /Game/ThirdPersonBP/Maps/UEDPIE_0_ThirdPersonExampleMap
[2018.04.21-17.19.00:657][ 41]LogPlayLevel: PIE: StaticDuplicateObject took: (0.048041s)
[2018.04.21-17.19.00:659][ 41]LogAIModule: Creating AISystem for world ThirdPersonExampleMap
[2018.04.21-17.19.00:660][ 41]LogPlayLevel: PIE: World Init took: (0.002188s)
[2018.04.21-17.19.00:660][ 41]LogPlayLevel: PIE: Created PIE world by copying editor world from /Game/ThirdPersonBP/Maps/ThirdPersonExampleMap.ThirdPersonExampleMap to /Game/ThirdPersonBP/Maps/UEDPIE_0_ThirdPersonExampleMap.ThirdPersonExampleMap (0.050928s)
[2018.04.21-17.19.00:704][ 41]LogInit: XAudio2 using 'Speakers (Realtek High Definition Audio)' : 2 channels at 48 kHz using 32 bits per sample (channel mask 0x3)
[2018.04.21-17.19.00:724][ 41]LogInit: FAudioDevice initialized.
[2018.04.21-17.19.00:817][ 41]LogLoad: Game class is 'ThirdPersonGameMode_C'
[2018.04.21-17.19.00:829][ 41]LogWorld: Bringing World /Game/ThirdPersonBP/Maps/UEDPIE_0_ThirdPersonExampleMap.ThirdPersonExampleMap up for play (max tick rate 60) at 2018.04.21-13.19.00
[2018.04.21-17.19.00:834][ 41]LogWorld: Bringing up level for play took: 0.010142
[2018.04.21-17.19.00:999][ 41]LogContentBrowser: Native class hierarchy updated for 'MovieSceneCapture' in 0.0005 seconds. Added 11 classes and 0 folders.
[2018.04.21-17.19.01:002][ 41]PIE: Play in editor start time for /Game/ThirdPersonBP/Maps/UEDPIE_0_ThirdPersonExampleMap 0.394
[2018.04.21-17.19.01:003][ 41]LogBlueprintUserMessages: Late PlayInEditor Detection: Level '/Game/ThirdPersonBP/Maps/ThirdPersonExampleMap.ThirdPersonExampleMap:PersistentLevel' has LevelScriptBlueprint '/Game/ThirdPersonBP/Maps/ThirdPersonExampleMap.ThirdPersonExampleMap:PersistentLevel.ThirdPersonExampleMap' with GeneratedClass '/Game/ThirdPersonBP/Maps/ThirdPersonExampleMap.ThirdPersonExampleMap_C' with ClassGeneratedBy '/Game/ThirdPersonBP/Maps/ThirdPersonExampleMap.ThirdPersonExampleMap:PersistentLevel.ThirdPersonExampleMap'
[2018.04.21-17.19.11:532][349]LogBlueprintUserMessages: Early EndPlayMap Detection: Level '/Game/ThirdPersonBP/Maps/ThirdPersonExampleMap.ThirdPersonExampleMap:PersistentLevel' has LevelScriptBlueprint '/Game/ThirdPersonBP/Maps/ThirdPersonExampleMap.ThirdPersonExampleMap:PersistentLevel.ThirdPersonExampleMap' with GeneratedClass '/Game/ThirdPersonBP/Maps/ThirdPersonExampleMap.ThirdPersonExampleMap_C' with ClassGeneratedBy '/Game/ThirdPersonBP/Maps/ThirdPersonExampleMap.ThirdPersonExampleMap:PersistentLevel.ThirdPersonExampleMap'
[2018.04.21-17.19.11:649][349]LogBlueprintUserMessages: Late EndPlayMap Detection: Level '/Game/ThirdPersonBP/Maps/ThirdPersonExampleMap.ThirdPersonExampleMap:PersistentLevel' has LevelScriptBlueprint '/Game/ThirdPersonBP/Maps/ThirdPersonExampleMap.ThirdPersonExampleMap:PersistentLevel.ThirdPersonExampleMap' with GeneratedClass '/Game/ThirdPersonBP/Maps/ThirdPersonExampleMap.ThirdPersonExampleMap_C' with ClassGeneratedBy '/Game/ThirdPersonBP/Maps/ThirdPersonExampleMap.ThirdPersonExampleMap:PersistentLevel.ThirdPersonExampleMap'
[2018.04.21-17.19.13:756][396]LogEditorViewport: Clicking on Actor (LMB): ThirdPersonCharacter_C (ThirdPersonCharacter)
[2018.04.21-17.19.15:592][433]LogEditorViewport: Clicking on Actor (LMB): StaticMeshActor (Wall11)
[2018.04.21-17.19.16:125][438]LogEditorViewport: Clicking on Actor (context menu): StaticMeshActor (Wall11)
[2018.04.21-17.24.44:078][667]LogEditorViewport: Clicking on Actor (LMB): ThirdPersonCharacter_C (ThirdPersonCharacter)
[2018.04.21-17.24.54:024][877]LogAnimation: Warning: SkeletalMesh SK_FPGun has no skeleton. This needs to fixed before an animation can be set
[2018.04.21-17.24.54:607][890]LogAnimation: Warning: SkeletalMesh SK_FPGun has no skeleton. This needs to fixed before an animation can be set
[2018.04.21-17.24.54:634][891]LogAnimation: Warning: SkeletalMesh SK_FPGun has no skeleton. This needs to fixed before an animation can be set
[2018.04.21-17.24.54:657][892]LogAnimation: Warning: SkeletalMesh SK_FPGun has no skeleton. This needs to fixed before an animation can be set
[2018.04.21-17.24.54:693][893]LogAnimation: Warning: SkeletalMesh SK_FPGun has no skeleton. This needs to fixed before an animation can be set
[2018.04.21-17.24.54:740][894]LogAnimation: Warning: SkeletalMesh SK_FPGun has no skeleton. This needs to fixed before an animation can be set
[2018.04.21-17.24.54:789][895]LogAnimation: Warning: SkeletalMesh SK_FPGun has no skeleton. This needs to fixed before an animation can be set
[2018.04.21-17.24.54:838][896]LogAnimation: Warning: SkeletalMesh SK_FPGun has no skeleton. This needs to fixed before an animation can be set
[2018.04.21-17.24.54:888][897]LogAnimation: Warning: SkeletalMesh SK_FPGun has no skeleton. This needs to fixed before an animation can be set
[2018.04.21-17.24.54:938][898]LogAnimation: Warning: SkeletalMesh SK_FPGun has no skeleton. This needs to fixed before an animation can be set
[2018.04.21-17.24.54:986][899]LogAnimation: Warning: SkeletalMesh SK_FPGun has no skeleton. This needs to fixed before an animation can be set
[2018.04.21-17.24.55:037][900]LogAnimation: Warning: SkeletalMesh SK_FPGun has no skeleton. This needs to fixed before an animation can be set
[2018.04.21-17.24.55:091][901]LogAnimation: Warning: SkeletalMesh SK_FPGun has no skeleton. This needs to fixed before an animation can be set
[2018.04.21-17.24.55:135][902]LogAnimation: Warning: SkeletalMesh SK_FPGun has no skeleton. This needs to fixed before an animation can be set
[2018.04.21-17.24.55:185][903]LogAnimation: Warning: SkeletalMesh SK_FPGun has no skeleton. This needs to fixed before an animation can be set
[2018.04.21-17.24.55:235][904]LogAnimation: Warning: SkeletalMesh SK_FPGun has no skeleton. This needs to fixed before an animation can be set
[2018.04.21-17.24.55:285][905]LogAnimation: Warning: SkeletalMesh SK_FPGun has no skeleton. This needs to fixed before an animation can be set
[2018.04.21-17.24.55:334][906]LogAnimation: Warning: SkeletalMesh SK_FPGun has no skeleton. This needs to fixed before an animation can be set
[2018.04.21-17.24.55:384][907]LogAnimation: Warning: SkeletalMesh SK_FPGun has no skeleton. This needs to fixed before an animation can be set
[2018.04.21-17.24.55:437][908]LogAnimation: Warning: SkeletalMesh SK_FPGun has no skeleton. This needs to fixed before an animation can be set
[2018.04.21-17.24.55:486][909]LogAnimation: Warning: SkeletalMesh SK_FPGun has no skeleton. This needs to fixed before an animation can be set
[2018.04.21-17.24.55:536][910]LogAnimation: Warning: SkeletalMesh SK_FPGun has no skeleton. This needs to fixed before an animation can be set
[2018.04.21-17.24.55:584][911]LogAnimation: Warning: SkeletalMesh SK_FPGun has no skeleton. This needs to fixed before an animation can be set
[2018.04.21-17.24.55:692][913]LogAnimation: Warning: SkeletalMesh SK_FPGun has no skeleton. This needs to fixed before an animation can be set
[2018.04.21-17.24.55:739][914]LogAnimation: Warning: SkeletalMesh SK_FPGun has no skeleton. This needs to fixed before an animation can be set
[2018.04.21-17.24.55:832][915]LogAnimation: Warning: SkeletalMesh SK_FPGun has no skeleton. This needs to fixed before an animation can be set
[2018.04.21-17.24.55:870][916]LogAnimation: Warning: SkeletalMesh SK_FPGun has no skeleton. This needs to fixed before an animation can be set
[2018.04.21-17.24.55:907][917]LogAnimation: Warning: SkeletalMesh SK_FPGun has no skeleton. This needs to fixed before an animation can be set
[2018.04.21-17.24.55:939][918]LogAnimation: Warning: SkeletalMesh SK_FPGun has no skeleton. This needs to fixed before an animation can be set
[2018.04.21-17.24.55:978][919]LogAnimation: Warning: SkeletalMesh SK_FPGun has no skeleton. This needs to fixed before an animation can be set
[2018.04.21-17.24.56:028][920]LogAnimation: Warning: SkeletalMesh SK_FPGun has no skeleton. This needs to fixed before an animation can be set
[2018.04.21-17.24.56:078][921]LogAnimation: Warning: SkeletalMesh SK_FPGun has no skeleton. This needs to fixed before an animation can be set
[2018.04.21-17.24.56:126][922]LogAnimation: Warning: SkeletalMesh SK_FPGun has no skeleton. This needs to fixed before an animation can be set
[2018.04.21-17.24.56:198][923]LogAnimation: Warning: SkeletalMesh SK_FPGun has no skeleton. This needs to fixed before an animation can be set
[2018.04.21-17.24.56:279][924]LogAnimation: Warning: SkeletalMesh SK_FPGun has no skeleton. This needs to fixed before an animation can be set
[2018.04.21-17.24.56:306][925]LogAnimation: Warning: SkeletalMesh SK_FPGun has no skeleton. This needs to fixed before an animation can be set
[2018.04.21-17.24.56:326][926]LogAnimation: Warning: SkeletalMesh SK_FPGun has no skeleton. This needs to fixed before an animation can be set
[2018.04.21-17.24.56:374][927]LogAnimation: Warning: SkeletalMesh SK_FPGun has no skeleton. This needs to fixed before an animation can be set
[2018.04.21-17.24.56:424][928]LogAnimation: Warning: SkeletalMesh SK_FPGun has no skeleton. This needs to fixed before an animation can be set
[2018.04.21-17.24.56:476][929]LogAnimation: Warning: SkeletalMesh SK_FPGun has no skeleton. This needs to fixed before an animation can be set
[2018.04.21-17.24.56:527][930]LogAnimation: Warning: SkeletalMesh SK_FPGun has no skeleton. This needs to fixed before an animation can be set
[2018.04.21-17.24.56:575][931]LogAnimation: Warning: SkeletalMesh SK_FPGun has no skeleton. This needs to fixed before an animation can be set
[2018.04.21-17.24.56:626][932]LogAnimation: Warning: SkeletalMesh SK_FPGun has no skeleton. This needs to fixed before an animation can be set
[2018.04.21-17.24.56:675][933]LogAnimation: Warning: SkeletalMesh SK_FPGun has no skeleton. This needs to fixed before an animation can be set
[2018.04.21-17.24.56:727][934]LogAnimation: Warning: SkeletalMesh SK_FPGun has no skeleton. This needs to fixed before an animation can be set
[2018.04.21-17.24.56:781][935]LogAnimation: Warning: SkeletalMesh SK_FPGun has no skeleton. This needs to fixed before an animation can be set
[2018.04.21-17.24.56:834][936]LogAnimation: Warning: SkeletalMesh SK_FPGun has no skeleton. This needs to fixed before an animation can be set
[2018.04.21-17.24.56:878][937]LogAnimation: Warning: SkeletalMesh SK_FPGun has no skeleton. This needs to fixed before an animation can be set
[2018.04.21-17.24.56:931][938]LogAnimation: Warning: SkeletalMesh SK_FPGun has no skeleton. This needs to fixed before an animation can be set
[2018.04.21-17.24.57:031][939]LogAnimation: Warning: SkeletalMesh SK_FPGun has no skeleton. This needs to fixed before an animation can be set
[2018.04.21-17.24.57:064][940]LogAnimation: Warning: SkeletalMesh SK_FPGun has no skeleton. This needs to fixed before an animation can be set
[2018.04.21-17.24.57:099][941]LogAnimation: Warning: SkeletalMesh SK_FPGun has no skeleton. This needs to fixed before an animation can be set
[2018.04.21-17.24.57:127][942]LogAnimation: Warning: SkeletalMesh SK_FPGun has no skeleton. This needs to fixed before an animation can be set
[2018.04.21-17.24.57:178][943]LogAnimation: Warning: SkeletalMesh SK_FPGun has no skeleton. This needs to fixed before an animation can be set
[2018.04.21-17.24.57:231][944]LogAnimation: Warning: SkeletalMesh SK_FPGun has no skeleton. This needs to fixed before an animation can be set
[2018.04.21-17.24.57:280][945]LogAnimation: Warning: SkeletalMesh SK_FPGun has no skeleton. This needs to fixed before an animation can be set
[2018.04.21-17.24.57:332][946]LogAnimation: Warning: SkeletalMesh SK_FPGun has no skeleton. This needs to fixed before an animation can be set
[2018.04.21-17.24.57:392][947]LogAnimation: Warning: SkeletalMesh SK_FPGun has no skeleton. This needs to fixed before an animation can be set
[2018.04.21-17.24.57:452][948]LogAnimation: Warning: SkeletalMesh SK_FPGun has no skeleton. This needs to fixed before an animation can be set
[2018.04.21-17.24.57:517][949]LogAnimation: Warning: SkeletalMesh SK_FPGun has no skeleton. This needs to fixed before an animation can be set
[2018.04.21-17.24.57:572][950]LogAnimation: Warning: SkeletalMesh SK_FPGun has no skeleton. This needs to fixed before an animation can be set
[2018.04.21-17.24.57:673][952]LogAnimation: Warning: SkeletalMesh SK_FPGun has no skeleton. This needs to fixed before an animation can be set
[2018.04.21-17.24.57:731][953]LogAnimation: Warning: SkeletalMesh SK_FPGun has no skeleton. This needs to fixed before an animation can be set
[2018.04.21-17.24.57:771][954]LogAnimation: Warning: SkeletalMesh SK_FPGun has no skeleton. This needs to fixed before an animation can be set
[2018.04.21-17.24.57:822][955]LogAnimation: Warning: SkeletalMesh SK_FPGun has no skeleton. This needs to fixed before an animation can be set
[2018.04.21-17.24.57:871][956]LogAnimation: Warning: SkeletalMesh SK_FPGun has no skeleton. This needs to fixed before an animation can be set
[2018.04.21-17.24.57:922][957]LogAnimation: Warning: SkeletalMesh SK_FPGun has no skeleton. This needs to fixed before an animation can be set
[2018.04.21-17.24.57:975][958]LogAnimation: Warning: SkeletalMesh SK_FPGun has no skeleton. This needs to fixed before an animation can be set
[2018.04.21-17.24.58:027][959]LogAnimation: Warning: SkeletalMesh SK_FPGun has no skeleton. This needs to fixed before an animation can be set
[2018.04.21-17.24.58:075][960]LogAnimation: Warning: SkeletalMesh SK_FPGun has no skeleton. This needs to fixed before an animation can be set
[2018.04.21-17.24.58:128][961]LogAnimation: Warning: SkeletalMesh SK_FPGun has no skeleton. This needs to fixed before an animation can be set
[2018.04.21-17.24.58:177][962]LogAnimation: Warning: SkeletalMesh SK_FPGun has no skeleton. This needs to fixed before an animation can be set
[2018.04.21-17.24.58:227][963]LogAnimation: Warning: SkeletalMesh SK_FPGun has no skeleton. This needs to fixed before an animation can be set
[2018.04.21-17.24.58:276][964]LogAnimation: Warning: SkeletalMesh SK_FPGun has no skeleton. This needs to fixed before an animation can be set
[2018.04.21-17.24.58:325][965]LogAnimation: Warning: SkeletalMesh SK_FPGun has no skeleton. This needs to fixed before an animation can be set
[2018.04.21-17.24.58:377][966]LogAnimation: Warning: SkeletalMesh SK_FPGun has no skeleton. This needs to fixed before an animation can be set
[2018.04.21-17.24.58:427][967]LogAnimation: Warning: SkeletalMesh SK_FPGun has no skeleton. This needs to fixed before an animation can be set
[2018.04.21-17.24.58:496][968]LogAnimation: Warning: SkeletalMesh SK_FPGun has no skeleton. This needs to fixed before an animation can be set
[2018.04.21-17.24.58:530][969]LogAnimation: Warning: SkeletalMesh SK_FPGun has no skeleton. This needs to fixed before an animation can be set
[2018.04.21-17.24.58:576][970]LogAnimation: Warning: SkeletalMesh SK_FPGun has no skeleton. This needs to fixed before an animation can be set
[2018.04.21-17.24.58:626][971]LogAnimation: Warning: SkeletalMesh SK_FPGun has no skeleton. This needs to fixed before an animation can be set
[2018.04.21-17.24.58:676][972]LogAnimation: Warning: SkeletalMesh SK_FPGun has no skeleton. This needs to fixed before an animation can be set
[2018.04.21-17.24.58:727][973]LogAnimation: Warning: SkeletalMesh SK_FPGun has no skeleton. This needs to fixed before an animation can be set
[2018.04.21-17.24.58:776][974]LogAnimation: Warning: SkeletalMesh SK_FPGun has no skeleton. This needs to fixed before an animation can be set
[2018.04.21-17.24.58:825][975]LogAnimation: Warning: SkeletalMesh SK_FPGun has no skeleton. This needs to fixed before an animation can be set
[2018.04.21-17.25.02:707][ 65]LogAnimation: Warning: SkeletalMesh SK_FPGun has no skeleton. This needs to fixed before an animation can be set
[2018.04.21-17.25.02:747][ 66]LogAnimation: Warning: SkeletalMesh SK_FPGun has no skeleton. This needs to fixed before an animation can be set
[2018.04.21-17.25.02:788][ 67]LogAnimation: Warning: SkeletalMesh SK_FPGun has no skeleton. This needs to fixed before an animation can be set
[2018.04.21-17.25.02:840][ 68]LogAnimation: Warning: SkeletalMesh SK_FPGun has no skeleton. This needs to fixed before an animation can be set
[2018.04.21-17.25.02:889][ 69]LogAnimation: Warning: SkeletalMesh SK_FPGun has no skeleton. This needs to fixed before an animation can be set
[2018.04.21-17.25.02:941][ 70]LogAnimation: Warning: SkeletalMesh SK_FPGun has no skeleton. This needs to fixed before an animation can be set
[2018.04.21-17.25.02:998][ 71]LogAnimation: Warning: SkeletalMesh SK_FPGun has no skeleton. This needs to fixed before an animation can be set
[2018.04.21-17.25.03:039][ 72]LogAnimation: Warning: SkeletalMesh SK_FPGun has no skeleton. This needs to fixed before an animation can be set
[2018.04.21-17.25.03:089][ 73]LogAnimation: Warning: SkeletalMesh SK_FPGun has no skeleton. This needs to fixed before an animation can be set
[2018.04.21-17.25.03:139][ 74]LogAnimation: Warning: SkeletalMesh SK_FPGun has no skeleton. This needs to fixed before an animation can be set
[2018.04.21-17.25.03:188][ 75]LogAnimation: Warning: SkeletalMesh SK_FPGun has no skeleton. This needs to fixed before an animation can be set
[2018.04.21-17.25.03:237][ 76]LogAnimation: Warning: SkeletalMesh SK_FPGun has no skeleton. This needs to fixed before an animation can be set
[2018.04.21-17.25.03:288][ 77]LogAnimation: Warning: SkeletalMesh SK_FPGun has no skeleton. This needs to fixed before an animation can be set
[2018.04.21-17.25.03:337][ 78]LogAnimation: Warning: SkeletalMesh SK_FPGun has no skeleton. This needs to fixed before an animation can be set
[2018.04.21-17.25.03:385][ 79]LogAnimation: Warning: SkeletalMesh SK_FPGun has no skeleton. This needs to fixed before an animation can be set
[2018.04.21-17.25.03:435][ 80]LogAnimation: Warning: SkeletalMesh SK_FPGun has no skeleton. This needs to fixed before an animation can be set
[2018.04.21-17.25.03:487][ 81]LogAnimation: Warning: SkeletalMesh SK_FPGun has no skeleton. This needs to fixed before an animation can be set
[2018.04.21-17.25.03:536][ 82]LogAnimation: Warning: SkeletalMesh SK_FPGun has no skeleton. This needs to fixed before an animation can be set
[2018.04.21-17.25.03:591][ 83]LogAnimation: Warning: SkeletalMesh SK_FPGun has no skeleton. This needs to fixed before an animation can be set
[2018.04.21-17.25.03:704][ 84]LogAnimation: Warning: SkeletalMesh SK_FPGun has no skeleton. This needs to fixed before an animation can be set
[2018.04.21-17.25.21:171][440]LogAnimation: Warning: SkeletalMesh SK_FPGun has no skeleton. This needs to fixed before an animation can be set
[2018.04.21-17.25.27:132][535]LogVSAccessor: Warning: Couldn't access Visual Studio
[2018.04.21-17.25.27:153][535]LogVSAccessor: Warning: Couldn't access module table
[2018.04.21-17.25.27:154][535]LogVSAccessor: Warning: Couldn't access module table
[2018.04.21-17.25.27:155][535]LogVSAccessor: Warning: Couldn't access module table
[2018.04.21-17.25.27:155][535]LogVSAccessor: Warning: Couldn't access module table
[2018.04.21-17.25.27:156][535]LogVSAccessor: Warning: Couldn't access module table
[2018.04.21-17.25.27:157][535]LogVSAccessor: Warning: Couldn't access module table
[2018.04.21-17.25.27:157][535]LogVSAccessor: Warning: Couldn't access module table
[2018.04.21-17.25.27:158][535]LogVSAccessor: Warning: Couldn't access module table
[2018.04.21-17.25.27:159][535]LogVSAccessor: Warning: Couldn't access module table
[2018.04.21-17.25.27:159][535]LogVSAccessor: Warning: Couldn't access module table
[2018.04.21-17.25.27:160][535]LogVSAccessor: Warning: Couldn't access module table
[2018.04.21-17.25.27:160][535]LogVSAccessor: Warning: Couldn't access module table
[2018.04.21-17.25.27:160][535]LogVSAccessor: Warning: Couldn't access module table
[2018.04.21-17.25.27:161][535]LogVSAccessor: Warning: Couldn't access module table
[2018.04.21-17.25.27:161][535]LogVSAccessor: Warning: Couldn't access module table
[2018.04.21-17.25.27:161][535]LogVSAccessor: Warning: Couldn't access module table
[2018.04.21-17.25.27:161][535]LogVSAccessor: Warning: Couldn't access module table
[2018.04.21-17.25.27:162][535]LogVSAccessor: Warning: Couldn't access module table
[2018.04.21-17.25.27:162][535]LogVSAccessor: Warning: Couldn't access module table
[2018.04.21-17.25.27:162][535]LogVSAccessor: Warning: Couldn't access module table
[2018.04.21-17.25.27:162][535]LogVSAccessor: Warning: Couldn't access module table
[2018.04.21-17.25.27:163][535]LogVSAccessor: Warning: Couldn't access module table
[2018.04.21-17.25.27:163][535]LogVSAccessor: Warning: Couldn't access module table
[2018.04.21-17.25.27:163][535]LogVSAccessor: Warning: Couldn't access module table
[2018.04.21-17.25.27:163][535]LogVSAccessor: Warning: Couldn't access module table
[2018.04.21-17.25.27:164][535]LogVSAccessor: Warning: Couldn't access module table
[2018.04.21-17.25.27:164][535]LogVSAccessor: Warning: Couldn't access module table
[2018.04.21-17.25.27:164][535]LogVSAccessor: Warning: Couldn't access module table
[2018.04.21-17.25.27:164][535]LogVSAccessor: Warning: Couldn't access module table
[2018.04.21-17.25.27:165][535]LogVSAccessor: Warning: Couldn't access module table
[2018.04.21-17.25.27:165][535]LogVSAccessor: Warning: Couldn't access module table
[2018.04.21-17.25.27:165][535]LogVSAccessor: Warning: Couldn't access module table
[2018.04.21-17.25.27:165][535]LogVSAccessor: Warning: Couldn't access module table
[2018.04.21-17.25.27:166][535]LogVSAccessor: Warning: Couldn't access module table
[2018.04.21-17.25.27:166][535]LogVSAccessor: Warning: Couldn't access module table
[2018.04.21-17.25.27:166][535]LogVSAccessor: Warning: Couldn't access module table
[2018.04.21-17.25.27:166][535]LogVSAccessor: Warning: Couldn't access module table
[2018.04.21-17.25.27:167][535]LogVSAccessor: Warning: Couldn't access module table
[2018.04.21-17.25.27:167][535]LogVSAccessor: Warning: Couldn't access module table
[2018.04.21-17.25.27:167][535]LogVSAccessor: Warning: Couldn't access module table
[2018.04.21-17.25.27:167][535]LogVSAccessor: Warning: Couldn't access module table
[2018.04.21-17.25.27:168][535]LogVSAccessor: Warning: Couldn't access module table
[2018.04.21-17.25.27:168][535]LogVSAccessor: Warning: Couldn't access module table
[2018.04.21-17.25.27:168][535]LogVSAccessor: Warning: Couldn't access module table
[2018.04.21-17.25.27:168][535]LogVSAccessor: Warning: Couldn't access module table
[2018.04.21-17.25.27:169][535]LogVSAccessor: Warning: Couldn't access module table
[2018.04.21-17.25.27:169][535]LogVSAccessor: Warning: Couldn't access module table
[2018.04.21-17.25.27:169][535]LogVSAccessor: Warning: Couldn't access module table
[2018.04.21-17.25.27:169][535]LogVSAccessor: Warning: Couldn't access module table
[2018.04.21-17.25.27:169][535]LogVSAccessor: Warning: Couldn't access module table
[2018.04.21-17.25.27:170][535]LogVSAccessor: Warning: Couldn't access module table
[2018.04.21-17.25.27:170][535]LogVSAccessor: Warning: Couldn't access module table
[2018.04.21-17.25.27:170][535]LogVSAccessor: Warning: Couldn't access module table
[2018.04.21-17.25.27:170][535]LogVSAccessor: Warning: Couldn't access module table
[2018.04.21-17.25.27:171][535]LogVSAccessor: Warning: Couldn't access module table
[2018.04.21-17.25.27:171][535]LogVSAccessor: Warning: Couldn't access module table
[2018.04.21-17.25.27:171][535]LogVSAccessor: Warning: Couldn't access module table
[2018.04.21-17.25.27:171][535]LogVSAccessor: Warning: Couldn't access module table
[2018.04.21-17.25.27:172][535]LogVSAccessor: Warning: Couldn't access module table
[2018.04.21-17.25.27:172][535]LogVSAccessor: Warning: Couldn't access module table
[2018.04.21-17.25.27:172][535]LogVSAccessor: Warning: Couldn't access module table
[2018.04.21-17.25.27:172][535]LogVSAccessor: Warning: Couldn't access module table
[2018.04.21-17.25.27:172][535]LogVSAccessor: Warning: Couldn't access module table
[2018.04.21-17.25.27:173][535]LogVSAccessor: Warning: Couldn't access module table
[2018.04.21-17.25.27:173][535]LogVSAccessor: Warning: Couldn't access module table
[2018.04.21-17.25.27:173][535]LogVSAccessor: Warning: Couldn't access module table
[2018.04.21-17.25.27:173][535]LogVSAccessor: Warning: Couldn't access module table
[2018.04.21-17.25.27:174][535]LogVSAccessor: Warning: Couldn't access module table
[2018.04.21-17.25.27:174][535]LogVSAccessor: Warning: Couldn't access module table
[2018.04.21-17.25.27:174][535]LogVSAccessor: Warning: Couldn't access module table
[2018.04.21-17.25.27:174][535]LogVSAccessor: Warning: Couldn't access module table
[2018.04.21-17.25.27:175][535]LogVSAccessor: Warning: Couldn't access module table
[2018.04.21-17.25.27:175][535]LogVSAccessor: Warning: Couldn't access module table
[2018.04.21-17.25.27:175][535]LogVSAccessor: Warning: Couldn't access module table
[2018.04.21-17.25.27:175][535]LogVSAccessor: Warning: Couldn't access module table
[2018.04.21-17.25.27:176][535]LogVSAccessor: Warning: Couldn't access module table
[2018.04.21-17.25.27:176][535]LogVSAccessor: Warning: Couldn't access module table
[2018.04.21-17.25.27:176][535]LogVSAccessor: Warning: Couldn't access module table
[2018.04.21-17.25.27:176][535]LogVSAccessor: Warning: Couldn't access module table
[2018.04.21-17.25.27:177][535]LogVSAccessor: Warning: Couldn't access module table
[2018.04.21-17.25.27:177][535]LogVSAccessor: Warning: Couldn't access module table
[2018.04.21-17.25.27:177][535]LogVSAccessor: Warning: Couldn't access module table
[2018.04.21-17.25.27:177][535]LogVSAccessor: Warning: Couldn't access module table
[2018.04.21-17.25.27:178][535]LogVSAccessor: Warning: Couldn't access module table
[2018.04.21-17.25.27:178][535]LogVSAccessor: Warning: Couldn't access module table
[2018.04.21-17.25.27:178][535]LogVSAccessor: Warning: Couldn't access module table
[2018.04.21-17.25.27:178][535]LogVSAccessor: Warning: Couldn't access module table
[2018.04.21-17.25.27:179][535]LogVSAccessor: Warning: Couldn't access module table
[2018.04.21-17.25.27:179][535]LogVSAccessor: Warning: Couldn't access module table
[2018.04.21-17.25.27:183][535]LogVSAccessor: Warning: Couldn't access module table
[2018.04.21-17.25.27:188][535]LogVSAccessor: Warning: Couldn't access module table
[2018.04.21-17.25.27:188][535]LogVSAccessor: Warning: Couldn't access module table
[2018.04.21-17.25.27:188][535]LogVSAccessor: Warning: Couldn't access module table
[2018.04.21-17.25.27:188][535]LogVSAccessor: Warning: Couldn't access module table
[2018.04.21-17.25.27:190][535]LogVSAccessor: Warning: Couldn't access module table
[2018.04.21-17.25.27:191][535]LogVSAccessor: Warning: Couldn't access module table
[2018.04.21-17.25.27:191][535]LogVSAccessor: Warning: Couldn't access module table
[2018.04.21-17.25.27:191][535]LogVSAccessor: Warning: Couldn't access module table
[2018.04.21-17.25.27:192][535]LogVSAccessor: Warning: Couldn't access module table
[2018.04.21-17.25.27:195][535]LogVSAccessor: Warning: Couldn't access module table
[2018.04.21-17.25.27:195][535]LogVSAccessor: Warning: Couldn't access module table
[2018.04.21-17.25.27:195][535]LogVSAccessor: Warning: Couldn't access module table
[2018.04.21-17.25.27:196][535]LogVSAccessor: Warning: Couldn't access module table
[2018.04.21-17.25.27:196][535]LogVSAccessor: Warning: Couldn't access module table
[2018.04.21-17.25.27:200][535]LogVSAccessor: Warning: Couldn't access module table
[2018.04.21-17.25.27:200][535]LogVSAccessor: Warning: Couldn't access module table
[2018.04.21-17.25.27:200][535]LogVSAccessor: Warning: Couldn't access module table
[2018.04.21-17.25.27:200][535]LogVSAccessor: Warning: Couldn't access module table
[2018.04.21-17.25.27:200][535]LogVSAccessor: Warning: Couldn't access module table
[2018.04.21-17.25.27:201][535]LogVSAccessor: Warning: Couldn't access module table
[2018.04.21-17.25.27:205][535]LogVSAccessor: Warning: Couldn't access module table
[2018.04.21-17.25.27:209][535]LogVSAccessor: Warning: Couldn't access module table
[2018.04.21-17.25.27:215][535]LogVSAccessor: Warning: Couldn't access module table
[2018.04.21-17.25.27:427][535]LogVSAccessor: Warning: Couldn't access module table
[2018.04.21-17.25.27:443][535]LogVSAccessor: Warning: Couldn't access module table
[2018.04.21-17.25.27:445][535]LogVSAccessor: Warning: Couldn't access module table
[2018.04.21-17.25.27:445][535]LogVSAccessor: Warning: Couldn't access module table
[2018.04.21-17.25.27:448][535]LogVSAccessor: Warning: Couldn't access module table
[2018.04.21-17.25.27:451][535]LogVSAccessor: Warning: Couldn't access module table
[2018.04.21-17.25.27:467][535]LogVSAccessor: Warning: Couldn't access module table
[2018.04.21-17.25.27:467][535]LogVSAccessor: Warning: Couldn't access module table
[2018.04.21-17.25.27:490][535]LogVSAccessor: Warning: Couldn't access module table
[2018.04.21-17.25.27:491][535]LogVSAccessor: Warning: Couldn't access module table
[2018.04.21-17.25.27:492][535]LogVSAccessor: Warning: Couldn't access module table
[2018.04.21-17.25.27:495][535]LogVSAccessor: Warning: Couldn't access module table
[2018.04.21-17.25.27:495][535]LogVSAccessor: Warning: Couldn't access module table
[2018.04.21-17.25.27:495][535]LogVSAccessor: Warning: Couldn't access module table
[2018.04.21-17.25.27:496][535]LogVSAccessor: Warning: Couldn't access module table
[2018.04.21-17.25.27:497][535]LogVSAccessor: Warning: Couldn't access module table
[2018.04.21-17.25.27:497][535]LogVSAccessor: Warning: Couldn't access module table
[2018.04.21-17.25.27:526][535]LogVSAccessor: Warning: Couldn't access module table
[2018.04.21-17.25.27:528][535]LogVSAccessor: Warning: Couldn't access module table
[2018.04.21-17.25.27:533][535]LogVSAccessor: Warning: Couldn't access module table
[2018.04.21-17.25.27:583][535]LogVSAccessor: Warning: Couldn't access module table
[2018.04.21-17.25.27:604][535]LogVSAccessor: Warning: Couldn't access module table
[2018.04.21-17.25.27:606][535]LogVSAccessor: Warning: Couldn't access module table
[2018.04.21-17.25.27:621][535]LogVSAccessor: Warning: Couldn't access module table
[2018.04.21-17.25.27:633][535]LogVSAccessor: Warning: Couldn't access module table
[2018.04.21-17.25.27:633][535]LogVSAccessor: Warning: Couldn't access module table
[2018.04.21-17.25.27:667][536]LogAnimation: Warning: SkeletalMesh SK_FPGun has no skeleton. This needs to fixed before an animation can be set
[2018.04.21-17.25.27:699][537]LogAnimation: Warning: SkeletalMesh SK_FPGun has no skeleton. This needs to fixed before an animation can be set
[2018.04.21-17.25.27:786][538]LogAnimation: Warning: SkeletalMesh SK_FPGun has no skeleton. This needs to fixed before an animation can be set
[2018.04.21-17.25.27:975][539]LogAnimation: Warning: SkeletalMesh SK_FPGun has no skeleton. This needs to fixed before an animation can be set
[2018.04.21-17.25.28:129][540]LogAnimation: Warning: SkeletalMesh SK_FPGun has no skeleton. This needs to fixed before an animation can be set
[2018.04.21-17.25.28:192][541]LogAnimation: Warning: SkeletalMesh SK_FPGun has no skeleton. This needs to fixed before an animation can be set
[2018.04.21-17.25.28:239][542]LogAnimation: Warning: SkeletalMesh SK_FPGun has no skeleton. This needs to fixed before an animation can be set
[2018.04.21-17.25.28:262][543]LogAnimation: Warning: SkeletalMesh SK_FPGun has no skeleton. This needs to fixed before an animation can be set
[2018.04.21-17.25.28:280][544]LogAnimation: Warning: SkeletalMesh SK_FPGun has no skeleton. This needs to fixed before an animation can be set
[2018.04.21-17.25.28:331][545]LogAnimation: Warning: SkeletalMesh SK_FPGun has no skeleton. This needs to fixed before an animation can be set
[2018.04.21-17.25.28:384][546]LogAnimation: Warning: SkeletalMesh SK_FPGun has no skeleton. This needs to fixed before an animation can be set
[2018.04.21-17.25.28:435][547]LogAnimation: Warning: SkeletalMesh SK_FPGun has no skeleton. This needs to fixed before an animation can be set
[2018.04.21-17.25.28:487][548]LogAnimation: Warning: SkeletalMesh SK_FPGun has no skeleton. This needs to fixed before an animation can be set
[2018.04.21-17.25.28:538][549]LogAnimation: Warning: SkeletalMesh SK_FPGun has no skeleton. This needs to fixed before an animation can be set
[2018.04.21-17.25.28:586][550]LogAnimation: Warning: SkeletalMesh SK_FPGun has no skeleton. This needs to fixed before an animation can be set
[2018.04.21-17.25.28:637][551]LogAnimation: Warning: SkeletalMesh SK_FPGun has no skeleton. This needs to fixed before an animation can be set
[2018.04.21-17.25.28:687][552]LogAnimation: Warning: SkeletalMesh SK_FPGun has no skeleton. This needs to fixed before an animation can be set
[2018.04.21-17.25.28:738][553]LogAnimation: Warning: SkeletalMesh SK_FPGun has no skeleton. This needs to fixed before an animation can be set
[2018.04.21-17.25.28:788][554]LogAnimation: Warning: SkeletalMesh SK_FPGun has no skeleton. This needs to fixed before an animation can be set
[2018.04.21-17.25.28:838][555]LogAnimation: Warning: SkeletalMesh SK_FPGun has no skeleton. This needs to fixed before an animation can be set
[2018.04.21-17.25.28:888][556]LogAnimation: Warning: SkeletalMesh SK_FPGun has no skeleton. This needs to fixed before an animation can be set
[2018.04.21-17.25.28:940][557]LogAnimation: Warning: SkeletalMesh SK_FPGun has no skeleton. This needs to fixed before an animation can be set
[2018.04.21-17.25.28:990][558]LogAnimation: Warning: SkeletalMesh SK_FPGun has no skeleton. This needs to fixed before an animation can be set
[2018.04.21-17.25.29:040][559]LogAnimation: Warning: SkeletalMesh SK_FPGun has no skeleton. This needs to fixed before an animation can be set
[2018.04.21-17.25.29:091][560]LogAnimation: Warning: SkeletalMesh SK_FPGun has no skeleton. This needs to fixed before an animation can be set
[2018.04.21-17.25.29:141][561]LogAnimation: Warning: SkeletalMesh SK_FPGun has no skeleton. This needs to fixed before an animation can be set
[2018.04.21-17.25.29:189][562]LogAnimation: Warning: SkeletalMesh SK_FPGun has no skeleton. This needs to fixed before an animation can be set
[2018.04.21-17.25.29:239][563]LogAnimation: Warning: SkeletalMesh SK_FPGun has no skeleton. This needs to fixed before an animation can be set
[2018.04.21-17.25.29:289][564]LogAnimation: Warning: SkeletalMesh SK_FPGun has no skeleton. This needs to fixed before an animation can be set
[2018.04.21-17.25.29:339][565]LogAnimation: Warning: SkeletalMesh SK_FPGun has no skeleton. This needs to fixed before an animation can be set
[2018.04.21-17.25.29:389][566]LogAnimation: Warning: SkeletalMesh SK_FPGun has no skeleton. This needs to fixed before an animation can be set
[2018.04.21-17.25.29:439][567]LogAnimation: Warning: SkeletalMesh SK_FPGun has no skeleton. This needs to fixed before an animation can be set
[2018.04.21-17.25.29:490][568]LogAnimation: Warning: SkeletalMesh SK_FPGun has no skeleton. This needs to fixed before an animation can be set
[2018.04.21-17.25.29:541][569]LogAnimation: Warning: SkeletalMesh SK_FPGun has no skeleton. This needs to fixed before an animation can be set
[2018.04.21-17.25.29:591][570]LogAnimation: Warning: SkeletalMesh SK_FPGun has no skeleton. This needs to fixed before an animation can be set
[2018.04.21-17.25.29:639][571]LogAnimation: Warning: SkeletalMesh SK_FPGun has no skeleton. This needs to fixed before an animation can be set
[2018.04.21-17.25.29:691][572]LogAnimation: Warning: SkeletalMesh SK_FPGun has no skeleton. This needs to fixed before an animation can be set
[2018.04.21-17.25.29:741][573]LogAnimation: Warning: SkeletalMesh SK_FPGun has no skeleton. This needs to fixed before an animation can be set
[2018.04.21-17.25.29:789][574]LogAnimation: Warning: SkeletalMesh SK_FPGun has no skeleton. This needs to fixed before an animation can be set
[2018.04.21-17.25.29:839][575]LogAnimation: Warning: SkeletalMesh SK_FPGun has no skeleton. This needs to fixed before an animation can be set
[2018.04.21-17.25.29:889][576]LogAnimation: Warning: SkeletalMesh SK_FPGun has no skeleton. This needs to fixed before an animation can be set
[2018.04.21-17.25.29:939][577]LogAnimation: Warning: SkeletalMesh SK_FPGun has no skeleton. This needs to fixed before an animation can be set
[2018.04.21-17.25.29:992][578]LogAnimation: Warning: SkeletalMesh SK_FPGun has no skeleton. This needs to fixed before an animation can be set
[2018.04.21-17.25.30:042][579]LogAnimation: Warning: SkeletalMesh SK_FPGun has no skeleton. This needs to fixed before an animation can be set
[2018.04.21-17.25.30:090][580]LogAnimation: Warning: SkeletalMesh SK_FPGun has no skeleton. This needs to fixed before an animation can be set
[2018.04.21-17.25.30:141][581]LogAnimation: Warning: SkeletalMesh SK_FPGun has no skeleton. This needs to fixed before an animation can be set
[2018.04.21-17.25.30:201][582]LogAnimation: Warning: SkeletalMesh SK_FPGun has no skeleton. This needs to fixed before an animation can be set
[2018.04.21-17.25.30:299][583]LogAnimation: Warning: SkeletalMesh SK_FPGun has no skeleton. This needs to fixed before an animation can be set
[2018.04.21-17.25.30:342][584]LogAnimation: Warning: SkeletalMesh SK_FPGun has no skeleton. This needs to fixed before an animation can be set
[2018.04.21-17.25.30:376][585]LogAnimation: Warning: SkeletalMesh SK_FPGun has no skeleton. This needs to fixed before an animation can be set
[2018.04.21-17.25.30:481][586]LogAnimation: Warning: SkeletalMesh SK_FPGun has no skeleton. This needs to fixed before an animation can be set
[2018.04.21-17.25.30:566][587]LogAnimation: Warning: SkeletalMesh SK_FPGun has no skeleton. This needs to fixed before an animation can be set
[2018.04.21-17.25.33:770][639]LogAnimation: Warning: SkeletalMesh SK_FPGun has no skeleton. This needs to fixed before an animation can be set
[2018.04.21-17.25.33:814][640]LogAnimation: Warning: SkeletalMesh SK_FPGun has no skeleton. This needs to fixed before an animation can be set
[2018.04.21-17.25.33:864][641]LogAnimation: Warning: SkeletalMesh SK_FPGun has no skeleton. This needs to fixed before an animation can be set
[2018.04.21-17.25.33:921][642]LogAnimation: Warning: SkeletalMesh SK_FPGun has no skeleton. This needs to fixed before an animation can be set
[2018.04.21-17.25.33:967][643]LogAnimation: Warning: SkeletalMesh SK_FPGun has no skeleton. This needs to fixed before an animation can be set
[2018.04.21-17.25.34:016][644]LogAnimation: Warning: SkeletalMesh SK_FPGun has no skeleton. This needs to fixed before an animation can be set
[2018.04.21-17.25.34:062][645]LogAnimation: Warning: SkeletalMesh SK_FPGun has no skeleton. This needs to fixed before an animation can be set
[2018.04.21-17.25.34:113][646]LogAnimation: Warning: SkeletalMesh SK_FPGun has no skeleton. This needs to fixed before an animation can be set
[2018.04.21-17.25.34:163][647]LogAnimation: Warning: SkeletalMesh SK_FPGun has no skeleton. This needs to fixed before an animation can be set
[2018.04.21-17.25.34:211][648]LogAnimation: Warning: SkeletalMesh SK_FPGun has no skeleton. This needs to fixed before an animation can be set
[2018.04.21-17.25.34:258][649]LogAnimation: Warning: SkeletalMesh SK_FPGun has no skeleton. This needs to fixed before an animation can be set
[2018.04.21-17.26.39:399][276]LogAnimation: Warning: SkeletalMesh SK_FPGun has no skeleton. This needs to fixed before an animation can be set
[2018.04.21-17.26.48:122][376]LogContentBrowser: Verbose: The majority of assets in the view are of type: Skeleton
[2018.04.21-17.32.58:013][656]LogSavePackage: Save=288.47ms
[2018.04.21-17.32.58:013][656]LogSavePackage: Moving '../../../../../../Users/Ashley/Documents/GitHub/Cogworks/Cogworks/Saved/ThirdPersonExampleMap_Auto177AA07FF40572AF2F81060976FF6A790.tmp' to '../../../../../../Users/Ashley/Documents/GitHub/Cogworks/Cogworks/Saved/Autosaves/Game/ThirdPersonBP/Maps/ThirdPersonExampleMap_Auto1.umap'
[2018.04.21-17.32.58:018][656]LogSavePackage: Display: Finished SavePackage ../../../../../../Users/Ashley/Documents/GitHub/Cogworks/Cogworks/Saved/Autosaves/Game/ThirdPersonBP/Maps/ThirdPersonExampleMap_Auto1.umap
[2018.04.21-17.32.58:028][656]LogFileHelpers: Editor autosave (incl. sublevels) for '/Game/ThirdPersonBP/Maps/ThirdPersonExampleMap' took 0.398
[2018.04.21-17.32.58:028][656]LogFileHelpers: Editor autosave (incl. sublevels) for all levels took 0.398
[2018.04.21-17.32.58:033][656]OBJ SavePackage: Generating thumbnails for [1] asset(s) in package [/Game/ThirdPersonBP/Blueprints/ThirdPersonCharacter] ([1] browsable assets)...
[2018.04.21-17.32.58:176][656]OBJ SavePackage:     Rendered thumbnail for [Blueprint /Game/ThirdPersonBP/Blueprints/ThirdPersonCharacter.ThirdPersonCharacter]
[2018.04.21-17.32.58:176][656]OBJ SavePackage: Finished generating thumbnails for package [/Game/ThirdPersonBP/Blueprints/ThirdPersonCharacter]
[2018.04.21-17.32.58:511][656]LogSavePackage: Save=275.11ms
[2018.04.21-17.32.58:511][656]LogSavePackage: Moving '../../../../../../Users/Ashley/Documents/GitHub/Cogworks/Cogworks/Saved/ThirdPersonCharacter_Auto12A87A0D942CB91A81ADACB8BA3D11365.tmp' to '../../../../../../Users/Ashley/Documents/GitHub/Cogworks/Cogworks/Saved/Autosaves/Game/ThirdPersonBP/Blueprints/ThirdPersonCharacter_Auto1.uasset'
[2018.04.21-17.32.58:524][656]LogSavePackage: Display: Finished SavePackage ../../../../../../Users/Ashley/Documents/GitHub/Cogworks/Cogworks/Saved/Autosaves/Game/ThirdPersonBP/Blueprints/ThirdPersonCharacter_Auto1.uasset
[2018.04.21-17.32.58:524][656]LogFileHelpers: Auto-saving content packages took 0.493
[2018.04.21-17.37.21:937][586]LogEditorViewport: Clicking on Actor (LMB): StaticMeshActor (Floor)
[2018.04.21-17.37.26:695][707]LogEditorViewport: Clicking on Actor (LMB): ThirdPersonCharacter_C (ThirdPersonCharacter)
[2018.04.21-18.20.41:448][513]LogD3D11RHI: Timed out while waiting for GPU to catch up. (500 ms)
[2018.04.21-18.20.50:771][538]LogFileHelpers: Editor autosave (incl. sublevels) for '/Game/ThirdPersonBP/Maps/ThirdPersonExampleMap' took 0.054
[2018.04.21-18.20.50:777][538]OBJ SavePackage: Generating thumbnails for [0] asset(s) in package [/Game/ThirdPersonBP/Blueprints/ThirdPersonCharacter] ([1] browsable assets)...
[2018.04.21-18.20.50:777][538]OBJ SavePackage: Finished generating thumbnails for package [/Game/ThirdPersonBP/Blueprints/ThirdPersonCharacter]
[2018.04.21-18.20.50:951][538]LogSavePackage: Save=134.11ms
[2018.04.21-18.20.50:951][538]LogSavePackage: Moving '../../../../../../Users/Ashley/Documents/GitHub/Cogworks/Cogworks/Saved/ThirdPersonCharacter_Auto279A0AB44441B7204389BA6B93B6A0ED3.tmp' to '../../../../../../Users/Ashley/Documents/GitHub/Cogworks/Cogworks/Saved/Autosaves/Game/ThirdPersonBP/Blueprints/ThirdPersonCharacter_Auto2.uasset'
[2018.04.21-18.20.50:957][538]LogSavePackage: Display: Finished SavePackage ../../../../../../Users/Ashley/Documents/GitHub/Cogworks/Cogworks/Saved/Autosaves/Game/ThirdPersonBP/Blueprints/ThirdPersonCharacter_Auto2.uasset
[2018.04.21-18.20.50:960][538]OBJ SavePackage: Generating thumbnails for [0] asset(s) in package [/Game/ThirdPersonBP/Blueprints/GunComponent] ([1] browsable assets)...
[2018.04.21-18.20.50:960][538]OBJ SavePackage: Finished generating thumbnails for package [/Game/ThirdPersonBP/Blueprints/GunComponent]
[2018.04.21-18.20.51:035][538]LogSavePackage: Save=37.52ms
[2018.04.21-18.20.51:035][538]LogSavePackage: Moving '../../../../../../Users/Ashley/Documents/GitHub/Cogworks/Cogworks/Saved/GunComponent_Auto296E49CE24218D41CCAAE45B5167E1558.tmp' to '../../../../../../Users/Ashley/Documents/GitHub/Cogworks/Cogworks/Saved/Autosaves/Game/ThirdPersonBP/Blueprints/GunComponent_Auto2.uasset'
[2018.04.21-18.20.51:040][538]LogSavePackage: Display: Finished SavePackage ../../../../../../Users/Ashley/Documents/GitHub/Cogworks/Cogworks/Saved/Autosaves/Game/ThirdPersonBP/Blueprints/GunComponent_Auto2.uasset
[2018.04.21-18.20.51:041][538]LogFileHelpers: Auto-saving content packages took 0.267
[2018.04.21-18.20.51:738][542]LogHttp: Warning: 000001CD51CF4280: request failed, libcurl error: 6 (Couldn't resolve host name)
[2018.04.21-18.20.51:738][542]LogHttp: Warning: 000001CD51CF4280: libcurl info message cache 0 (Connection 15 seems to be dead!)
[2018.04.21-18.20.51:739][542]LogHttp: Warning: 000001CD51CF4280: libcurl info message cache 1 (Closing connection 15)
[2018.04.21-18.20.51:739][542]LogHttp: Warning: 000001CD51CF4280: libcurl info message cache 2 (TLSv1.2 (OUT), TLS alert, Client hello (1):)
[2018.04.21-18.20.51:739][542]LogHttp: Warning: 000001CD51CF4280: libcurl info message cache 3 (Could not resolve host: datarouter.ol.epicgames.com)
[2018.04.21-18.20.51:739][542]LogHttp: Warning: 000001CD51CF4280: libcurl info message cache 4 (Closing connection 16)
